[ 2016-04-02T10:47:42+08:00 ] ::1 /2016Sise/index.php?g=Adminadd&m=org&a=agree
INFO: [ app_begin ] --START--
INFO: Run Behavior\ReadHtmlCacheBehavior [ RunTime:0.001000s ]
INFO: Run Behavior\CheckLangBehavior [ RunTime:0.001001s ]
INFO: [ app_begin ] --END-- [ RunTime:0.002001s ]
SQL: SHOW COLUMNS FROM `sise_users` [ RunTime:0.0040s ]
SQL: SELECT * FROM `sise_users` WHERE ( id=1 ) LIMIT 1   [ RunTime:0.0010s ]
INFO: [ app_end ] --START--
INFO: Run Behavior\ShowPageTraceBehavior [ RunTime:0.001000s ]
INFO: [ app_end ] --END-- [ RunTime:0.001000s ]

[ 2016-04-02T10:48:49+08:00 ] ::1 /2016Sise/index.php?g=Adminadd&m=org&a=agree
INFO: [ app_begin ] --START--
INFO: Run Behavior\ReadHtmlCacheBehavior [ RunTime:0.000000s ]
INFO: Run Behavior\CheckLangBehavior [ RunTime:0.001000s ]
INFO: [ app_begin ] --END-- [ RunTime:0.003001s ]
SQL: SHOW COLUMNS FROM `sise_users` [ RunTime:0.0040s ]
SQL: SELECT * FROM `sise_users` WHERE ( id=1 ) LIMIT 1   [ RunTime:0.0000s ]
INFO: [ app_end ] --START--
INFO: Run Behavior\ShowPageTraceBehavior [ RunTime:0.001000s ]
INFO: [ app_end ] --END-- [ RunTime:0.001000s ]

[ 2016-04-02T11:13:08+08:00 ] ::1 /2016Sise/index.php?g=Adminadd&m=org&a=agree
INFO: [ app_begin ] --START--
INFO: Run Behavior\ReadHtmlCacheBehavior [ RunTime:0.001001s ]
INFO: Run Behavior\CheckLangBehavior [ RunTime:0.002000s ]
INFO: [ app_begin ] --END-- [ RunTime:0.003001s ]
SQL: SHOW COLUMNS FROM `sise_users` [ RunTime:0.0030s ]
SQL: SELECT * FROM `sise_users` WHERE ( id=1 ) LIMIT 1   [ RunTime:0.0010s ]
SQL: UPDATE `sise_users` SET `user_status`='2' WHERE ( id in (17,23) ) [ RunTime:0.0010s ]

[ 2016-04-02T11:14:39+08:00 ] ::1 /2016Sise/index.php?g=Adminadd&m=org&a=agree
INFO: [ app_begin ] --START--
INFO: Run Behavior\ReadHtmlCacheBehavior [ RunTime:0.000000s ]
INFO: Run Behavior\CheckLangBehavior [ RunTime:0.000000s ]
INFO: [ app_begin ] --END-- [ RunTime:0.000000s ]
SQL: SHOW COLUMNS FROM `sise_users` [ RunTime:0.0040s ]
SQL: SELECT * FROM `sise_users` WHERE ( id=1 ) LIMIT 1   [ RunTime:0.0000s ]
SQL: UPDATE `sise_users` SET `user_status`='2' WHERE ( id in (17,23) ) [ RunTime:0.0000s ]

