[ 2016-04-11T18:20:26+08:00 ] ::1 /2016Sise/index.php?g=Admin&m=Menu&a=index&menuid=100
NOTIC: D方法实例化没找到模型类Common\Model\AuthRuleModel

[ 2016-04-11T18:20:28+08:00 ] ::1 /2016Sise/index.php?g=Admin&m=Menu&a=index&menuid=100
NOTIC: D方法实例化没找到模型类Common\Model\AuthRuleModel

[ 2016-04-11T18:20:33+08:00 ] ::1 /2016Sise/index.php?g=Admin&m=menu&a=spmy_import_menu
NOTIC: D方法实例化没找到模型类Common\Model\AuthRuleModel

[ 2016-04-11T18:20:34+08:00 ] ::1 /2016Sise/index.php?g=Admin&m=menu&a=index
NOTIC: D方法实例化没找到模型类Common\Model\AuthRuleModel

[ 2016-04-11T18:20:36+08:00 ] ::1 /2016Sise/index.php?g=Admin&m=menu&a=add
NOTIC: D方法实例化没找到模型类Common\Model\AuthRuleModel

[ 2016-04-11T18:21:42+08:00 ] ::1 /2016Sise/index.php?g=Admin&m=Menu&a=add_post
INFO: [ app_begin ] --START--
INFO: Run Behavior\ReadHtmlCacheBehavior [ RunTime:0.001000s ]
INFO: Run Behavior\CheckLangBehavior [ RunTime:0.002000s ]
INFO: [ app_begin ] --END-- [ RunTime:0.004000s ]
SQL: SHOW COLUMNS FROM `sise_users` [ RunTime:0.0050s ]
SQL: SELECT * FROM `sise_users` WHERE ( id=1 ) LIMIT 1   [ RunTime:0.0000s ]
SQL: SHOW COLUMNS FROM `sise_menu` [ RunTime:0.0050s ]
NOTIC: D方法实例化没找到模型类Common\Model\AuthRuleModel
SQL: SHOW COLUMNS FROM `sise_auth_rule` [ RunTime:0.0040s ]
SQL: SELECT * FROM `sise_menu` WHERE `app` = 'protal' AND `model` = 'topic' AND `action` = 'topicadd' LIMIT 1   [ RunTime:0.0010s ]
SQL: SELECT `parentid` FROM `sise_menu` WHERE `id` = 163 LIMIT 1   [ RunTime:0.0000s ]
SQL: INSERT INTO `sise_menu` (`parentid`,`name`,`app`,`model`,`action`,`data`,`icon`,`remark`,`status`,`type`) VALUES ('163','话题添加','protal','topic','topicadd','','','','0','1') [ RunTime:0.0010s ]
SQL: SELECT * FROM `sise_auth_rule` WHERE `name` = 'protal/topic/topicadd' LIMIT 1   [ RunTime:0.0000s ]
SQL: INSERT INTO `sise_auth_rule` (`name`,`module`,`type`,`title`) VALUES ('protal/topic/topicadd','protal','admin_url','话题添加') [ RunTime:0.0000s ]

[ 2016-04-11T18:21:42+08:00 ] ::1 /2016Sise/index.php?g=Admin&m=Menu&a=index
NOTIC: D方法实例化没找到模型类Common\Model\AuthRuleModel

[ 2016-04-11T19:35:56+08:00 ] ::1 /2016Sise/index.php?g=Admin&m=public&a=dologin
INFO: [ app_begin ] --START--
INFO: Run Behavior\ReadHtmlCacheBehavior [ RunTime:0.001000s ]
INFO: Run Behavior\CheckLangBehavior [ RunTime:0.002000s ]
INFO: [ app_begin ] --END-- [ RunTime:0.004000s ]
SQL: SHOW COLUMNS FROM `sise_users` [ RunTime:0.0040s ]
SQL: SELECT * FROM `sise_users` WHERE `user_login` = 'admin' LIMIT 1   [ RunTime:0.0000s ]
SQL: SHOW COLUMNS FROM `sise_role_user` [ RunTime:0.0040s ]
SQL: SELECT `role_id` FROM sise_role_user a INNER JOIN sise_role as b on a.role_id =b.id  WHERE `user_id` = '1' AND `status` = 1  [ RunTime:0.0010s ]
SQL: UPDATE `sise_users` SET `user_login`='admin',`user_pass`='###42e0497c116c196efa8dbabdc11a8569',`user_nicename`='admin',`user_email`='haiku888@foxmail.com',`user_url`='',`avatar`=NULL,`sex`='0',`birthday`=NULL,`signature`=NULL,`last_login_ip`='0.0.0.0',`last_login_time`='2016-04-11 19:35:56',`create_time`='2016-03-17 04:34:21',`user_activation_key`='2ea6119063aaca5bd9a5d8e98fd690ad',`user_status`='1',`score`='0',`user_type`='1',`coin`='0',`mobile`='' WHERE `id` = '1' [ RunTime:0.0000s ]

[ 2016-04-11T19:36:53+08:00 ] ::1 /2016Sise/index.php?g=Admin&m=Menu&a=index&menuid=100
NOTIC: D方法实例化没找到模型类Common\Model\AuthRuleModel

[ 2016-04-11T19:36:55+08:00 ] ::1 /2016Sise/index.php?g=Admin&m=menu&a=add
NOTIC: D方法实例化没找到模型类Common\Model\AuthRuleModel

[ 2016-04-11T19:37:59+08:00 ] ::1 /2016Sise/index.php?g=Admin&m=Menu&a=add_post
INFO: [ app_begin ] --START--
INFO: Run Behavior\ReadHtmlCacheBehavior [ RunTime:0.001000s ]
INFO: Run Behavior\CheckLangBehavior [ RunTime:0.003000s ]
INFO: [ app_begin ] --END-- [ RunTime:0.005000s ]
SQL: SHOW COLUMNS FROM `sise_users` [ RunTime:0.0070s ]
SQL: SELECT * FROM `sise_users` WHERE ( id=1 ) LIMIT 1   [ RunTime:0.0010s ]
SQL: SHOW COLUMNS FROM `sise_menu` [ RunTime:0.0040s ]
NOTIC: D方法实例化没找到模型类Common\Model\AuthRuleModel
SQL: SHOW COLUMNS FROM `sise_auth_rule` [ RunTime:0.0060s ]
SQL: SELECT * FROM `sise_menu` WHERE `app` = 'portal' AND `model` = 'group' AND `action` = 'group_add' LIMIT 1   [ RunTime:0.0010s ]
SQL: SELECT `parentid` FROM `sise_menu` WHERE `id` = 0 LIMIT 1   [ RunTime:0.0010s ]
SQL: INSERT INTO `sise_menu` (`parentid`,`name`,`app`,`model`,`action`,`data`,`icon`,`remark`,`status`,`type`) VALUES ('0','小组增加','portal','group','group_add','','','','0','1') [ RunTime:0.0000s ]
SQL: SELECT * FROM `sise_auth_rule` WHERE `name` = 'portal/group/group_add' LIMIT 1   [ RunTime:0.0010s ]
SQL: INSERT INTO `sise_auth_rule` (`name`,`module`,`type`,`title`) VALUES ('portal/group/group_add','portal','admin_url','小组增加') [ RunTime:0.0000s ]

[ 2016-04-11T19:37:59+08:00 ] ::1 /2016Sise/index.php?g=Admin&m=Menu&a=index
NOTIC: D方法实例化没找到模型类Common\Model\AuthRuleModel

