[ 2016-04-04T14:21:42+08:00 ] ::1 /2016Sise/index.php?g=Admin&m=setting&a=site_post
INFO: [ app_begin ] --START--
INFO: Run Behavior\ReadHtmlCacheBehavior [ RunTime:0.002000s ]
INFO: Run Behavior\CheckLangBehavior [ RunTime:0.004000s ]
INFO: [ app_begin ] --END-- [ RunTime:0.007000s ]
SQL: SHOW COLUMNS FROM `sise_users` [ RunTime:0.0070s ]
SQL: SELECT * FROM `sise_users` WHERE ( id=1 ) LIMIT 1   [ RunTime:0.0000s ]
SQL: SHOW COLUMNS FROM `sise_options` [ RunTime:0.0060s ]
SQL: SELECT * FROM `sise_options` WHERE ( option_name='site_options' ) LIMIT 1   [ RunTime:0.0000s ]
SQL: UPDATE `sise_options` SET `option_id`='2',`option_name`='site_options',`option_value`='{\"site_name\":\"\\u5fd7\\u613f\\u8005-\",\"site_host\":\"http:\\/\\/119.29.148.134\\/2016Sise\",\"site_admin_url_password\":\"\",\"site_tpl\":\"simplebootx\",\"site_adminstyle\":\"flat\",\"html_cache_on\":\"1\",\"site_icp\":\"\",\"site_admin_email\":\"haiku888@foxmail.com\",\"site_tongji\":\"\",\"site_copyright\":\"\",\"site_seo_title\":\"CXCL\\u5de5\\u4f5c\\u5ba4\\u4f5c\\u54c1-sise\\u6bd4\\u8d5b\",\"site_seo_keywords\":\"\\u534e\\u8f6f,sise,\\u7f51\\u8bbe,\\u6bd4\\u8d5b,CXCL\\u5de5\\u4f5c\\u5ba4\",\"site_seo_description\":\"CXCL\\u5de5\\u4f5c\\u5ba4\\u4f5c\\u54c1-2016sise\\u6bd4\\u8d5b\",\"urlmode\":\"0\",\"html_suffix\":\"\",\"comment_time_interval\":60}' WHERE ( option_name='site_options' ) [ RunTime:0.0000s ]
SQL: SHOW COLUMNS FROM `sise_options` [ RunTime:0.0040s ]
SQL: SELECT * FROM `sise_options` WHERE ( option_name='cmf_settings' ) LIMIT 1   [ RunTime:0.0010s ]
SQL: UPDATE `sise_options` SET `option_name`='cmf_settings',`option_value`='{\"banned_usernames\":\"\"}' WHERE ( option_name='cmf_settings' ) [ RunTime:0.0000s ]

[ 2016-04-04T15:41:07+08:00 ] ::1 /2016Sise/index.php?g=Admin&m=Menu&a=index&menuid=100
NOTIC: D方法实例化没找到模型类Common\Model\AuthRuleModel

[ 2016-04-04T15:41:09+08:00 ] ::1 /2016Sise/index.php?g=Admin&m=menu&a=lists
NOTIC: D方法实例化没找到模型类Common\Model\AuthRuleModel

[ 2016-04-04T15:41:17+08:00 ] ::1 /2016Sise/index.php?g=Admin&m=Menu&a=listorders
INFO: [ app_begin ] --START--
INFO: Run Behavior\ReadHtmlCacheBehavior [ RunTime:0.001000s ]
INFO: Run Behavior\CheckLangBehavior [ RunTime:0.001000s ]
INFO: [ app_begin ] --END-- [ RunTime:0.003000s ]
SQL: SHOW COLUMNS FROM `sise_users` [ RunTime:0.0040s ]
SQL: SELECT * FROM `sise_users` WHERE ( id=1 ) LIMIT 1   [ RunTime:0.0010s ]
SQL: SHOW COLUMNS FROM `sise_menu` [ RunTime:0.0040s ]
NOTIC: D方法实例化没找到模型类Common\Model\AuthRuleModel
SQL: SHOW COLUMNS FROM `sise_auth_rule` [ RunTime:0.0040s ]
SQL: UPDATE `sise_menu` SET `listorder`='1000' WHERE `id` = 73 [ RunTime:0.0000s ]
SQL: UPDATE `sise_menu` SET `listorder`='0' WHERE `id` = 74 [ RunTime:0.0010s ]
SQL: UPDATE `sise_menu` SET `listorder`='1000' WHERE `id` = 70 [ RunTime:0.0000s ]
SQL: UPDATE `sise_menu` SET `listorder`='1000' WHERE `id` = 71 [ RunTime:0.0010s ]
SQL: UPDATE `sise_menu` SET `listorder`='0' WHERE `id` = 72 [ RunTime:0.0000s ]
SQL: UPDATE `sise_menu` SET `listorder`='2' WHERE `id` = 68 [ RunTime:0.0000s ]
SQL: UPDATE `sise_menu` SET `listorder`='0' WHERE `id` = 69 [ RunTime:0.0000s ]
SQL: UPDATE `sise_menu` SET `listorder`='0' WHERE `id` = 40 [ RunTime:0.0010s ]
SQL: UPDATE `sise_menu` SET `listorder`='1000' WHERE `id` = 45 [ RunTime:0.0000s ]
SQL: UPDATE `sise_menu` SET `listorder`='1000' WHERE `id` = 44 [ RunTime:0.0000s ]
SQL: UPDATE `sise_menu` SET `listorder`='1000' WHERE `id` = 46 [ RunTime:0.0000s ]
SQL: UPDATE `sise_menu` SET `listorder`='0' WHERE `id` = 42 [ RunTime:0.0010s ]
SQL: UPDATE `sise_menu` SET `listorder`='0' WHERE `id` = 43 [ RunTime:0.0000s ]
SQL: UPDATE `sise_menu` SET `listorder`='0' WHERE `id` = 41 [ RunTime:0.0000s ]
SQL: UPDATE `sise_menu` SET `listorder`='30' WHERE `id` = 1 [ RunTime:0.0010s ]
SQL: UPDATE `sise_menu` SET `listorder`='40' WHERE `id` = 39 [ RunTime:0.0000s ]
SQL: UPDATE `sise_menu` SET `listorder`='1000' WHERE `id` = 81 [ RunTime:0.0010s ]
SQL: UPDATE `sise_menu` SET `listorder`='0' WHERE `id` = 82 [ RunTime:0.0000s ]
SQL: UPDATE `sise_menu` SET `listorder`='1000' WHERE `id` = 78 [ RunTime:0.0000s ]
SQL: UPDATE `sise_menu` SET `listorder`='1000' WHERE `id` = 79 [ RunTime:0.0000s ]
SQL: UPDATE `sise_menu` SET `listorder`='0' WHERE `id` = 80 [ RunTime:0.0000s ]
SQL: UPDATE `sise_menu` SET `listorder`='3' WHERE `id` = 75 [ RunTime:0.0010s ]
SQL: UPDATE `sise_menu` SET `listorder`='0' WHERE `id` = 76 [ RunTime:0.0000s ]
SQL: UPDATE `sise_menu` SET `listorder`='0' WHERE `id` = 77 [ RunTime:0.0000s ]
SQL: UPDATE `sise_menu` SET `listorder`='0' WHERE `id` = 129 [ RunTime:0.0000s ]
SQL: UPDATE `sise_menu` SET `listorder`='0' WHERE `id` = 130 [ RunTime:0.0000s ]
SQL: UPDATE `sise_menu` SET `listorder`='0' WHERE `id` = 126 [ RunTime:0.0000s ]
SQL: UPDATE `sise_menu` SET `listorder`='0' WHERE `id` = 127 [ RunTime:0.0010s ]
SQL: UPDATE `sise_menu` SET `listorder`='0' WHERE `id` = 128 [ RunTime:0.0000s ]
SQL: UPDATE `sise_menu` SET `listorder`='0' WHERE `id` = 101 [ RunTime:0.0000s ]
SQL: UPDATE `sise_menu` SET `listorder`='0' WHERE `id` = 102 [ RunTime:0.0000s ]
SQL: UPDATE `sise_menu` SET `listorder`='20' WHERE `id` = 85 [ RunTime:0.0000s ]
SQL: UPDATE `sise_menu` SET `listorder`='1000' WHERE `id` = 107 [ RunTime:0.0010s ]
SQL: UPDATE `sise_menu` SET `listorder`='1000' WHERE `id` = 105 [ RunTime:0.0000s ]
SQL: UPDATE `sise_menu` SET `listorder`='0' WHERE `id` = 106 [ RunTime:0.0000s ]
SQL: UPDATE `sise_menu` SET `listorder`='1000' WHERE `id` = 104 [ RunTime:0.0000s ]
SQL: UPDATE `sise_menu` SET `listorder`='0' WHERE `id` = 100 [ RunTime:0.0000s ]
SQL: UPDATE `sise_menu` SET `listorder`='0' WHERE `id` = 103 [ RunTime:0.0010s ]
SQL: UPDATE `sise_menu` SET `listorder`='1000' WHERE `id` = 108 [ RunTime:0.0000s ]
SQL: UPDATE `sise_menu` SET `listorder`='1000' WHERE `id` = 92 [ RunTime:0.0000s ]
SQL: UPDATE `sise_menu` SET `listorder`='0' WHERE `id` = 93 [ RunTime:0.0000s ]
SQL: UPDATE `sise_menu` SET `listorder`='1000' WHERE `id` = 89 [ RunTime:0.0000s ]
SQL: UPDATE `sise_menu` SET `listorder`='1000' WHERE `id` = 90 [ RunTime:0.0000s ]
SQL: UPDATE `sise_menu` SET `listorder`='0' WHERE `id` = 91 [ RunTime:0.0000s ]
SQL: UPDATE `sise_menu` SET `listorder`='0' WHERE `id` = 87 [ RunTime:0.0000s ]
SQL: UPDATE `sise_menu` SET `listorder`='0' WHERE `id` = 88 [ RunTime:0.0000s ]
SQL: UPDATE `sise_menu` SET `listorder`='1000' WHERE `id` = 98 [ RunTime:0.0010s ]
SQL: UPDATE `sise_menu` SET `listorder`='0' WHERE `id` = 99 [ RunTime:0.0000s ]
SQL: UPDATE `sise_menu` SET `listorder`='0' WHERE `id` = 86 [ RunTime:0.0010s ]
SQL: UPDATE `sise_menu` SET `listorder`='1000' WHERE `id` = 95 [ RunTime:0.0010s ]
SQL: UPDATE `sise_menu` SET `listorder`='1000' WHERE `id` = 96 [ RunTime:0.0000s ]
SQL: UPDATE `sise_menu` SET `listorder`='0' WHERE `id` = 97 [ RunTime:0.0000s ]
SQL: UPDATE `sise_menu` SET `listorder`='0' WHERE `id` = 94 [ RunTime:0.0000s ]
SQL: UPDATE `sise_menu` SET `listorder`='0' WHERE `id` = 47 [ RunTime:0.0010s ]
SQL: UPDATE `sise_menu` SET `listorder`='0' WHERE `id` = 51 [ RunTime:0.0000s ]
SQL: UPDATE `sise_menu` SET `listorder`='0' WHERE `id` = 49 [ RunTime:0.0010s ]
SQL: UPDATE `sise_menu` SET `listorder`='0' WHERE `id` = 50 [ RunTime:0.0010s ]
SQL: UPDATE `sise_menu` SET `listorder`='0' WHERE `id` = 48 [ RunTime:0.0000s ]
SQL: UPDATE `sise_menu` SET `listorder`='0' WHERE `id` = 52 [ RunTime:0.0000s ]
SQL: UPDATE `sise_menu` SET `listorder`='0' WHERE `id` = 155 [ RunTime:0.0000s ]
SQL: UPDATE `sise_menu` SET `listorder`='1000' WHERE `id` = 142 [ RunTime:0.0000s ]
SQL: UPDATE `sise_menu` SET `listorder`='0' WHERE `id` = 143 [ RunTime:0.0000s ]
SQL: UPDATE `sise_menu` SET `listorder`='0' WHERE `id` = 140 [ RunTime:0.0000s ]
SQL: UPDATE `sise_menu` SET `listorder`='1000' WHERE `id` = 141 [ RunTime:0.0010s ]
SQL: UPDATE `sise_menu` SET `listorder`='1000' WHERE `id` = 147 [ RunTime:0.0000s ]
SQL: UPDATE `sise_menu` SET `listorder`='0' WHERE `id` = 148 [ RunTime:0.0000s ]
SQL: UPDATE `sise_menu` SET `listorder`='1000' WHERE `id` = 146 [ RunTime:0.0000s ]
SQL: UPDATE `sise_menu` SET `listorder`='1000' WHERE `id` = 144 [ RunTime:0.0000s ]
SQL: UPDATE `sise_menu` SET `listorder`='0' WHERE `id` = 145 [ RunTime:0.0010s ]
SQL: UPDATE `sise_menu` SET `listorder`='4' WHERE `id` = 32 [ RunTime:0.0000s ]
SQL: UPDATE `sise_menu` SET `listorder`='0' WHERE `id` = 118 [ RunTime:0.0000s ]
SQL: UPDATE `sise_menu` SET `listorder`='0' WHERE `id` = 119 [ RunTime:0.0000s ]
SQL: UPDATE `sise_menu` SET `listorder`='0' WHERE `id` = 123 [ RunTime:0.0000s ]
SQL: UPDATE `sise_menu` SET `listorder`='0' WHERE `id` = 122 [ RunTime:0.0000s ]
SQL: UPDATE `sise_menu` SET `listorder`='0' WHERE `id` = 120 [ RunTime:0.0000s ]
SQL: UPDATE `sise_menu` SET `listorder`='0' WHERE `id` = 121 [ RunTime:0.0010s ]
SQL: UPDATE `sise_menu` SET `listorder`='0' WHERE `id` = 117 [ RunTime:0.0000s ]
SQL: UPDATE `sise_menu` SET `listorder`='0' WHERE `id` = 125 [ RunTime:0.0000s ]
SQL: UPDATE `sise_menu` SET `listorder`='0' WHERE `id` = 124 [ RunTime:0.0000s ]
SQL: UPDATE `sise_menu` SET `listorder`='1' WHERE `id` = 131 [ RunTime:0.0000s ]
SQL: UPDATE `sise_menu` SET `listorder`='0' WHERE `id` = 109 [ RunTime:0.0000s ]
SQL: UPDATE `sise_menu` SET `listorder`='0' WHERE `id` = 113 [ RunTime:0.0000s ]
SQL: UPDATE `sise_menu` SET `listorder`='0' WHERE `id` = 114 [ RunTime:0.0010s ]
SQL: UPDATE `sise_menu` SET `listorder`='0' WHERE `id` = 115 [ RunTime:0.0000s ]
SQL: UPDATE `sise_menu` SET `listorder`='0' WHERE `id` = 116 [ RunTime:0.0000s ]
SQL: UPDATE `sise_menu` SET `listorder`='0' WHERE `id` = 110 [ RunTime:0.0010s ]
SQL: UPDATE `sise_menu` SET `listorder`='1000' WHERE `id` = 60 [ RunTime:0.0000s ]
SQL: UPDATE `sise_menu` SET `listorder`='0' WHERE `id` = 61 [ RunTime:0.0000s ]
SQL: UPDATE `sise_menu` SET `listorder`='0' WHERE `id` = 158 [ RunTime:0.0000s ]
SQL: UPDATE `sise_menu` SET `listorder`='0' WHERE `id` = 159 [ RunTime:0.0000s ]
SQL: UPDATE `sise_menu` SET `listorder`='1' WHERE `id` = 53 [ RunTime:0.0000s ]
SQL: UPDATE `sise_menu` SET `listorder`='1000' WHERE `id` = 57 [ RunTime:0.0000s ]
SQL: UPDATE `sise_menu` SET `listorder`='1000' WHERE `id` = 58 [ RunTime:0.0000s ]
SQL: UPDATE `sise_menu` SET `listorder`='0' WHERE `id` = 59 [ RunTime:0.0000s ]
SQL: UPDATE `sise_menu` SET `listorder`='0' WHERE `id` = 54 [ RunTime:0.0000s ]
SQL: UPDATE `sise_menu` SET `listorder`='0' WHERE `id` = 55 [ RunTime:0.0000s ]
SQL: UPDATE `sise_menu` SET `listorder`='0' WHERE `id` = 56 [ RunTime:0.0000s ]
SQL: UPDATE `sise_menu` SET `listorder`='1000' WHERE `id` = 66 [ RunTime:0.0010s ]
SQL: UPDATE `sise_menu` SET `listorder`='0' WHERE `id` = 67 [ RunTime:0.0000s ]
SQL: UPDATE `sise_menu` SET `listorder`='1000' WHERE `id` = 63 [ RunTime:0.0000s ]
SQL: UPDATE `sise_menu` SET `listorder`='1000' WHERE `id` = 64 [ RunTime:0.0000s ]
SQL: UPDATE `sise_menu` SET `listorder`='0' WHERE `id` = 65 [ RunTime:0.0000s ]
SQL: UPDATE `sise_menu` SET `listorder`='0' WHERE `id` = 62 [ RunTime:0.0010s ]
SQL: UPDATE `sise_menu` SET `listorder`='0' WHERE `id` = 156 [ RunTime:0.0000s ]
SQL: UPDATE `sise_menu` SET `listorder`='0' WHERE `id` = 157 [ RunTime:0.0000s ]
SQL: UPDATE `sise_menu` SET `listorder`='1000' WHERE `id` = 153 [ RunTime:0.0000s ]
SQL: UPDATE `sise_menu` SET `listorder`='0' WHERE `id` = 154 [ RunTime:0.0010s ]
SQL: UPDATE `sise_menu` SET `listorder`='0' WHERE `id` = 160 [ RunTime:0.0010s ]
SQL: UPDATE `sise_menu` SET `listorder`='0' WHERE `id` = 161 [ RunTime:0.0000s ]
SQL: UPDATE `sise_menu` SET `listorder`='1000' WHERE `id` = 150 [ RunTime:0.0000s ]
SQL: UPDATE `sise_menu` SET `listorder`='1000' WHERE `id` = 151 [ RunTime:0.0000s ]
SQL: UPDATE `sise_menu` SET `listorder`='0' WHERE `id` = 152 [ RunTime:0.0010s ]
SQL: UPDATE `sise_menu` SET `listorder`='0' WHERE `id` = 149 [ RunTime:0.0000s ]
SQL: UPDATE `sise_menu` SET `listorder`='0' WHERE `id` = 111 [ RunTime:0.0000s ]
SQL: UPDATE `sise_menu` SET `listorder`='0' WHERE `id` = 112 [ RunTime:0.0000s ]
SQL: UPDATE `sise_menu` SET `listorder`='0' WHERE `id` = 165 [ RunTime:0.0000s ]
SQL: UPDATE `sise_menu` SET `listorder`='0' WHERE `id` = 162 [ RunTime:0.0010s ]
SQL: UPDATE `sise_menu` SET `listorder`='0' WHERE `id` = 164 [ RunTime:0.0000s ]
SQL: UPDATE `sise_menu` SET `listorder`='0' WHERE `id` = 163 [ RunTime:0.0000s ]
SQL: UPDATE `sise_menu` SET `listorder`='0' WHERE `id` = 3 [ RunTime:0.0000s ]
SQL: UPDATE `sise_menu` SET `listorder`='0' WHERE `id` = 2 [ RunTime:0.0000s ]
SQL: UPDATE `sise_menu` SET `listorder`='4' WHERE `id` = 83 [ RunTime:0.0010s ]
SQL: UPDATE `sise_menu` SET `listorder`='0' WHERE `id` = 84 [ RunTime:0.0000s ]
SQL: UPDATE `sise_menu` SET `listorder`='0' WHERE `id` = 6 [ RunTime:0.0000s ]
SQL: UPDATE `sise_menu` SET `listorder`='0' WHERE `id` = 5 [ RunTime:0.0000s ]
SQL: UPDATE `sise_menu` SET `listorder`='0' WHERE `id` = 4 [ RunTime:0.0000s ]
SQL: UPDATE `sise_menu` SET `listorder`='1000' WHERE `id` = 30 [ RunTime:0.0000s ]
SQL: UPDATE `sise_menu` SET `listorder`='0' WHERE `id` = 31 [ RunTime:0.0000s ]
SQL: UPDATE `sise_menu` SET `listorder`='1000' WHERE `id` = 37 [ RunTime:0.0000s ]
SQL: UPDATE `sise_menu` SET `listorder`='1000' WHERE `id` = 27 [ RunTime:0.0000s ]
SQL: UPDATE `sise_menu` SET `listorder`='1000' WHERE `id` = 28 [ RunTime:0.0010s ]
SQL: UPDATE `sise_menu` SET `listorder`='0' WHERE `id` = 29 [ RunTime:0.0000s ]
SQL: UPDATE `sise_menu` SET `listorder`='3' WHERE `id` = 25 [ RunTime:0.0000s ]
SQL: UPDATE `sise_menu` SET `listorder`='0' WHERE `id` = 26 [ RunTime:0.0000s ]
SQL: UPDATE `sise_menu` SET `listorder`='1' WHERE `id` = 36 [ RunTime:0.0010s ]
SQL: UPDATE `sise_menu` SET `listorder`='1000' WHERE `id` = 38 [ RunTime:0.0000s ]
SQL: UPDATE `sise_menu` SET `listorder`='1000' WHERE `id` = 16 [ RunTime:0.0000s ]
SQL: UPDATE `sise_menu` SET `listorder`='0' WHERE `id` = 17 [ RunTime:0.0000s ]
SQL: UPDATE `sise_menu` SET `listorder`='1000' WHERE `id` = 12 [ RunTime:0.0000s ]
SQL: UPDATE `sise_menu` SET `listorder`='1000' WHERE `id` = 35 [ RunTime:0.0000s ]
SQL: UPDATE `sise_menu` SET `listorder`='1000' WHERE `id` = 13 [ RunTime:0.0000s ]
SQL: UPDATE `sise_menu` SET `listorder`='1000' WHERE `id` = 14 [ RunTime:0.0000s ]
SQL: UPDATE `sise_menu` SET `listorder`='0' WHERE `id` = 15 [ RunTime:0.0000s ]
SQL: UPDATE `sise_menu` SET `listorder`='1' WHERE `id` = 7 [ RunTime:0.0010s ]
SQL: UPDATE `sise_menu` SET `listorder`='0' WHERE `id` = 8 [ RunTime:0.0000s ]
SQL: UPDATE `sise_menu` SET `listorder`='1000' WHERE `id` = 11 [ RunTime:0.0000s ]
SQL: UPDATE `sise_menu` SET `listorder`='0' WHERE `id` = 10 [ RunTime:0.0000s ]
SQL: UPDATE `sise_menu` SET `listorder`='0' WHERE `id` = 33 [ RunTime:0.0000s ]
SQL: UPDATE `sise_menu` SET `listorder`='1000' WHERE `id` = 34 [ RunTime:0.0010s ]
SQL: UPDATE `sise_menu` SET `listorder`='0' WHERE `id` = 9 [ RunTime:0.0000s ]
SQL: UPDATE `sise_menu` SET `listorder`='1000' WHERE `id` = 23 [ RunTime:0.0000s ]
SQL: UPDATE `sise_menu` SET `listorder`='0' WHERE `id` = 24 [ RunTime:0.0000s ]
SQL: UPDATE `sise_menu` SET `listorder`='1000' WHERE `id` = 20 [ RunTime:0.0010s ]
SQL: UPDATE `sise_menu` SET `listorder`='1000' WHERE `id` = 21 [ RunTime:0.0000s ]
SQL: UPDATE `sise_menu` SET `listorder`='0' WHERE `id` = 22 [ RunTime:0.0000s ]
SQL: UPDATE `sise_menu` SET `listorder`='2' WHERE `id` = 18 [ RunTime:0.0000s ]
SQL: UPDATE `sise_menu` SET `listorder`='0' WHERE `id` = 19 [ RunTime:0.0010s ]
SQL: UPDATE `sise_menu` SET `listorder`='0' WHERE `id` = 167 [ RunTime:0.0000s ]
SQL: UPDATE `sise_menu` SET `listorder`='0' WHERE `id` = 166 [ RunTime:0.0000s ]
SQL: UPDATE `sise_menu` SET `listorder`='0' WHERE `id` = 135 [ RunTime:0.0000s ]
SQL: UPDATE `sise_menu` SET `listorder`='0' WHERE `id` = 136 [ RunTime:0.0000s ]
SQL: UPDATE `sise_menu` SET `listorder`='10' WHERE `id` = 132 [ RunTime:0.0000s ]
SQL: UPDATE `sise_menu` SET `listorder`='0' WHERE `id` = 133 [ RunTime:0.0000s ]
SQL: UPDATE `sise_menu` SET `listorder`='0' WHERE `id` = 139 [ RunTime:0.0000s ]
SQL: UPDATE `sise_menu` SET `listorder`='0' WHERE `id` = 134 [ RunTime:0.0010s ]
SQL: UPDATE `sise_menu` SET `listorder`='0' WHERE `id` = 138 [ RunTime:0.0000s ]
SQL: UPDATE `sise_menu` SET `listorder`='0' WHERE `id` = 137 [ RunTime:0.0000s ]

[ 2016-04-04T15:41:17+08:00 ] ::1 /2016Sise/index.php?g=Admin&m=menu&a=lists
NOTIC: D方法实例化没找到模型类Common\Model\AuthRuleModel

[ 2016-04-04T15:41:43+08:00 ] ::1 /2016Sise/index.php?g=Admin&m=menu&a=edit&id=53
NOTIC: D方法实例化没找到模型类Common\Model\AuthRuleModel

[ 2016-04-04T15:41:53+08:00 ] ::1 /2016Sise/index.php?g=Admin&m=Menu&a=edit_post
INFO: [ app_begin ] --START--
INFO: Run Behavior\ReadHtmlCacheBehavior [ RunTime:0.001000s ]
INFO: Run Behavior\CheckLangBehavior [ RunTime:0.001000s ]
INFO: [ app_begin ] --END-- [ RunTime:0.004000s ]
SQL: SHOW COLUMNS FROM `sise_users` [ RunTime:0.0050s ]
SQL: SELECT * FROM `sise_users` WHERE ( id=1 ) LIMIT 1   [ RunTime:0.0000s ]
SQL: SHOW COLUMNS FROM `sise_menu` [ RunTime:0.0050s ]
NOTIC: D方法实例化没找到模型类Common\Model\AuthRuleModel
SQL: SHOW COLUMNS FROM `sise_auth_rule` [ RunTime:0.0050s ]
SQL: SELECT `id` FROM `sise_menu` WHERE `app` = 'Admin' AND `model` = 'Slide' AND `action` = 'default' LIMIT 1   [ RunTime:0.0010s ]
SQL: UPDATE `sise_menu` SET `parentid`='1',`name`='幻灯片',`app`='Admin',`model`='Slide',`action`='default',`data`='',`icon`='',`remark`='',`status`='1',`type`='1' WHERE `id` = 53 [ RunTime:0.0010s ]
SQL: SELECT * FROM `sise_auth_rule` WHERE `name` = 'admin/slide/default' LIMIT 1   [ RunTime:0.0000s ]
SQL: UPDATE `sise_auth_rule` SET `name`='admin/slide/default',`module`='Admin',`type`='admin_url',`title`='幻灯片' WHERE `name` = 'admin/slide/default' [ RunTime:0.0010s ]

[ 2016-04-04T15:41:53+08:00 ] ::1 /2016Sise/index.php?g=Admin&m=menu&a=edit&id=53
NOTIC: D方法实例化没找到模型类Common\Model\AuthRuleModel

[ 2016-04-04T15:43:40+08:00 ] ::1 /2016Sise/index.php?g=Admin&m=slidecat&a=add_post
INFO: [ app_begin ] --START--
INFO: Run Behavior\ReadHtmlCacheBehavior [ RunTime:0.001000s ]
INFO: Run Behavior\CheckLangBehavior [ RunTime:0.003000s ]
INFO: [ app_begin ] --END-- [ RunTime:0.005000s ]
SQL: SHOW COLUMNS FROM `sise_users` [ RunTime:0.0050s ]
SQL: SELECT * FROM `sise_users` WHERE ( id=1 ) LIMIT 1   [ RunTime:0.0010s ]
SQL: SHOW COLUMNS FROM `sise_slide_cat` [ RunTime:0.0050s ]
SQL: INSERT INTO `sise_slide_cat` (`cat_name`,`cat_idname`,`cat_remark`) VALUES ('primary','primary_tag','') [ RunTime:0.0010s ]

[ 2016-04-04T15:43:46+08:00 ] ::1 /2016Sise/index.php?g=Admin&m=slidecat&a=delete&id=1
INFO: [ app_begin ] --START--
INFO: Run Behavior\ReadHtmlCacheBehavior [ RunTime:0.001000s ]
INFO: Run Behavior\CheckLangBehavior [ RunTime:0.002000s ]
INFO: [ app_begin ] --END-- [ RunTime:0.003000s ]
SQL: SHOW COLUMNS FROM `sise_users` [ RunTime:0.0040s ]
SQL: SELECT * FROM `sise_users` WHERE ( id=1 ) LIMIT 1   [ RunTime:0.0000s ]
SQL: SHOW COLUMNS FROM `sise_slide_cat` [ RunTime:0.0050s ]
SQL: DELETE FROM `sise_slide_cat` WHERE `cid` = 1 [ RunTime:0.0000s ]
SQL: SHOW COLUMNS FROM `sise_slide` [ RunTime:0.0000s ]
SQL: UPDATE `sise_slide` SET `slide_cid`='0' WHERE ( slide_cid=1 ) [ RunTime:0.0000s ]

[ 2016-04-04T15:48:40+08:00 ] ::1 /2016Sise/index.php?g=Admin&m=slide&a=add_post
INFO: [ app_begin ] --START--
INFO: Run Behavior\ReadHtmlCacheBehavior [ RunTime:0.002000s ]
INFO: Run Behavior\CheckLangBehavior [ RunTime:0.004000s ]
INFO: [ app_begin ] --END-- [ RunTime:0.007000s ]
SQL: SHOW COLUMNS FROM `sise_users` [ RunTime:0.0090s ]
SQL: SELECT * FROM `sise_users` WHERE ( id=1 ) LIMIT 1   [ RunTime:0.0010s ]
SQL: SHOW COLUMNS FROM `sise_slide` [ RunTime:0.0070s ]
SQL: SHOW COLUMNS FROM `sise_slide_cat` [ RunTime:0.0100s ]
SQL: INSERT INTO `sise_slide` (`slide_cid`,`slide_name`,`slide_url`,`slide_des`,`slide_content`,`slide_pic`) VALUES ('0','2016猴运新春','','','','/2016Sise/data/upload/20160404/57021c5513a74.jpeg') [ RunTime:0.0010s ]

[ 2016-04-04T15:49:18+08:00 ] ::1 /2016Sise/index.php?g=Admin&m=slide&a=add_post
INFO: [ app_begin ] --START--
INFO: Run Behavior\ReadHtmlCacheBehavior [ RunTime:0.001000s ]
INFO: Run Behavior\CheckLangBehavior [ RunTime:0.002000s ]
INFO: [ app_begin ] --END-- [ RunTime:0.004000s ]
SQL: SHOW COLUMNS FROM `sise_users` [ RunTime:0.0050s ]
SQL: SELECT * FROM `sise_users` WHERE ( id=1 ) LIMIT 1   [ RunTime:0.0000s ]
SQL: SHOW COLUMNS FROM `sise_slide` [ RunTime:0.0070s ]
SQL: SHOW COLUMNS FROM `sise_slide_cat` [ RunTime:0.0060s ]
SQL: INSERT INTO `sise_slide` (`slide_cid`,`slide_name`,`slide_url`,`slide_des`,`slide_content`,`slide_pic`) VALUES ('0','小组-年过完了来反思一下','','','','/2016Sise/data/upload/20160404/57021c658b52f.jpeg') [ RunTime:0.0000s ]

[ 2016-04-04T15:54:11+08:00 ] ::1 /2016Sise/index.php?g=Admin&m=slide&a=add_post
INFO: [ app_begin ] --START--
INFO: Run Behavior\ReadHtmlCacheBehavior [ RunTime:0.001000s ]
INFO: Run Behavior\CheckLangBehavior [ RunTime:0.004000s ]
INFO: [ app_begin ] --END-- [ RunTime:0.005000s ]
SQL: SHOW COLUMNS FROM `sise_users` [ RunTime:0.0040s ]
SQL: SELECT * FROM `sise_users` WHERE ( id=1 ) LIMIT 1   [ RunTime:0.0000s ]
SQL: SHOW COLUMNS FROM `sise_slide` [ RunTime:0.0050s ]
SQL: SHOW COLUMNS FROM `sise_slide_cat` [ RunTime:0.0050s ]
SQL: INSERT INTO `sise_slide` (`slide_cid`,`slide_name`,`slide_url`,`slide_des`,`slide_content`,`slide_pic`) VALUES ('0','日志-谁偷走了你的好奇心','','','','/2016Sise/data/upload/20160404/57021c8abdcf5.jpeg') [ RunTime:0.0010s ]

[ 2016-04-04T15:54:36+08:00 ] ::1 /2016Sise/index.php?g=Admin&m=slide&a=add_post
INFO: [ app_begin ] --START--
INFO: Run Behavior\ReadHtmlCacheBehavior [ RunTime:0.001000s ]
INFO: Run Behavior\CheckLangBehavior [ RunTime:0.003000s ]
INFO: [ app_begin ] --END-- [ RunTime:0.005000s ]
SQL: SHOW COLUMNS FROM `sise_users` [ RunTime:0.0050s ]
SQL: SELECT * FROM `sise_users` WHERE ( id=1 ) LIMIT 1   [ RunTime:0.0010s ]
SQL: SHOW COLUMNS FROM `sise_slide` [ RunTime:0.0060s ]
SQL: SHOW COLUMNS FROM `sise_slide_cat` [ RunTime:0.0060s ]
SQL: INSERT INTO `sise_slide` (`slide_cid`,`slide_name`,`slide_url`,`slide_des`,`slide_content`,`slide_pic`) VALUES ('0','活动-招募志愿者','','','','/2016Sise/data/upload/20160404/57021db9ab891.jpeg') [ RunTime:0.0010s ]

[ 2016-04-04T15:56:29+08:00 ] ::1 /2016Sise/index.php?g=Admin&m=slidecat&a=add_post
INFO: [ app_begin ] --START--
INFO: Run Behavior\ReadHtmlCacheBehavior [ RunTime:0.001000s ]
INFO: Run Behavior\CheckLangBehavior [ RunTime:0.002000s ]
INFO: [ app_begin ] --END-- [ RunTime:0.004000s ]
SQL: SHOW COLUMNS FROM `sise_users` [ RunTime:0.0040s ]
SQL: SELECT * FROM `sise_users` WHERE ( id=1 ) LIMIT 1   [ RunTime:0.0010s ]
SQL: SHOW COLUMNS FROM `sise_slide_cat` [ RunTime:0.0070s ]
SQL: INSERT INTO `sise_slide_cat` (`cat_name`,`cat_idname`,`cat_remark`) VALUES ('primary','primary_tag','') [ RunTime:0.0010s ]

[ 2016-04-04T15:56:41+08:00 ] ::1 /2016Sise/index.php?g=Admin&m=slide&a=edit_post
INFO: [ app_begin ] --START--
INFO: Run Behavior\ReadHtmlCacheBehavior [ RunTime:0.001000s ]
INFO: Run Behavior\CheckLangBehavior [ RunTime:0.002001s ]
INFO: [ app_begin ] --END-- [ RunTime:0.003001s ]
SQL: SHOW COLUMNS FROM `sise_users` [ RunTime:0.0040s ]
SQL: SELECT * FROM `sise_users` WHERE ( id=1 ) LIMIT 1   [ RunTime:0.0010s ]
SQL: SHOW COLUMNS FROM `sise_slide` [ RunTime:0.0050s ]
SQL: SHOW COLUMNS FROM `sise_slide_cat` [ RunTime:0.0040s ]
SQL: UPDATE `sise_slide` SET `slide_cid`='2',`slide_name`='2016猴运新春',`slide_url`='',`slide_des`='',`slide_content`='',`slide_pic`='/2016Sise/data/upload/20160404/57021c5513a74.jpeg' WHERE `slide_id` = '1' [ RunTime:0.0000s ]

[ 2016-04-04T15:56:50+08:00 ] ::1 /2016Sise/index.php?g=Admin&m=slide&a=edit_post
INFO: [ app_begin ] --START--
INFO: Run Behavior\ReadHtmlCacheBehavior [ RunTime:0.000000s ]
INFO: Run Behavior\CheckLangBehavior [ RunTime:0.002000s ]
INFO: [ app_begin ] --END-- [ RunTime:0.003000s ]
SQL: SHOW COLUMNS FROM `sise_users` [ RunTime:0.0050s ]
SQL: SELECT * FROM `sise_users` WHERE ( id=1 ) LIMIT 1   [ RunTime:0.0010s ]
SQL: SHOW COLUMNS FROM `sise_slide` [ RunTime:0.0040s ]
SQL: SHOW COLUMNS FROM `sise_slide_cat` [ RunTime:0.0030s ]
SQL: UPDATE `sise_slide` SET `slide_cid`='2',`slide_name`='小组-年过完了来反思一下',`slide_url`='',`slide_des`='',`slide_content`='',`slide_pic`='/2016Sise/data/upload/20160404/57021c658b52f.jpeg' WHERE `slide_id` = '2' [ RunTime:0.0010s ]

[ 2016-04-04T15:56:56+08:00 ] ::1 /2016Sise/index.php?g=Admin&m=slide&a=edit_post
INFO: [ app_begin ] --START--
INFO: Run Behavior\ReadHtmlCacheBehavior [ RunTime:0.001000s ]
INFO: Run Behavior\CheckLangBehavior [ RunTime:0.001000s ]
INFO: [ app_begin ] --END-- [ RunTime:0.003000s ]
SQL: SHOW COLUMNS FROM `sise_users` [ RunTime:0.0050s ]
SQL: SELECT * FROM `sise_users` WHERE ( id=1 ) LIMIT 1   [ RunTime:0.0010s ]
SQL: SHOW COLUMNS FROM `sise_slide` [ RunTime:0.0060s ]
SQL: SHOW COLUMNS FROM `sise_slide_cat` [ RunTime:0.0040s ]
SQL: UPDATE `sise_slide` SET `slide_cid`='2',`slide_name`='日志-谁偷走了你的好奇心',`slide_url`='',`slide_des`='',`slide_content`='',`slide_pic`='/2016Sise/data/upload/20160404/57021c8abdcf5.jpeg' WHERE `slide_id` = '3' [ RunTime:0.0000s ]

[ 2016-04-04T15:57:01+08:00 ] ::1 /2016Sise/index.php?g=Admin&m=slide&a=edit_post
INFO: [ app_begin ] --START--
INFO: Run Behavior\ReadHtmlCacheBehavior [ RunTime:0.000000s ]
INFO: Run Behavior\CheckLangBehavior [ RunTime:0.004000s ]
INFO: [ app_begin ] --END-- [ RunTime:0.005000s ]
SQL: SHOW COLUMNS FROM `sise_users` [ RunTime:0.0040s ]
SQL: SELECT * FROM `sise_users` WHERE ( id=1 ) LIMIT 1   [ RunTime:0.0010s ]
SQL: SHOW COLUMNS FROM `sise_slide` [ RunTime:0.0040s ]
SQL: SHOW COLUMNS FROM `sise_slide_cat` [ RunTime:0.0040s ]
SQL: UPDATE `sise_slide` SET `slide_cid`='2',`slide_name`='活动-招募志愿者',`slide_url`='',`slide_des`='',`slide_content`='',`slide_pic`='/2016Sise/data/upload/20160404/57021db9ab891.jpeg' WHERE `slide_id` = '4' [ RunTime:0.0010s ]

[ 2016-04-04T22:08:09+08:00 ] ::1 /2016Sise/index.php?g=Admin&m=Rbac&a=roleadd_post
INFO: [ app_begin ] --START--
INFO: Run Behavior\ReadHtmlCacheBehavior [ RunTime:0.000000s ]
INFO: Run Behavior\CheckLangBehavior [ RunTime:0.002000s ]
INFO: [ app_begin ] --END-- [ RunTime:0.004000s ]
SQL: SHOW COLUMNS FROM `sise_users` [ RunTime:0.0050s ]
SQL: SELECT * FROM `sise_users` WHERE ( id=1 ) LIMIT 1   [ RunTime:0.0000s ]
SQL: SHOW COLUMNS FROM `sise_role` [ RunTime:0.0040s ]
SQL: INSERT INTO `sise_role` (`name`,`remark`,`status`,`create_time`) VALUES ('评委老师','','1','1459778889') [ RunTime:0.2010s ]

[ 2016-04-04T22:08:28+08:00 ] ::1 /2016Sise/index.php?g=Admin&m=User&a=add_post
INFO: [ app_begin ] --START--
INFO: Run Behavior\ReadHtmlCacheBehavior [ RunTime:0.001001s ]
INFO: Run Behavior\CheckLangBehavior [ RunTime:0.002000s ]
INFO: [ app_begin ] --END-- [ RunTime:0.003001s ]
SQL: SHOW COLUMNS FROM `sise_users` [ RunTime:0.0040s ]
SQL: SELECT * FROM `sise_users` WHERE ( id=1 ) LIMIT 1   [ RunTime:0.0000s ]
SQL: SHOW COLUMNS FROM `sise_users` [ RunTime:0.0040s ]
SQL: SHOW COLUMNS FROM `sise_role` [ RunTime:0.0040s ]
SQL: SELECT * FROM `sise_users` WHERE `user_login` = 'admin1' LIMIT 1   [ RunTime:0.0010s ]
SQL: SELECT * FROM `sise_users` WHERE `user_email` = '' LIMIT 1   [ RunTime:0.0010s ]

[ 2016-04-04T22:08:45+08:00 ] ::1 /2016Sise/index.php?g=Admin&m=User&a=add_post
INFO: [ app_begin ] --START--
INFO: Run Behavior\ReadHtmlCacheBehavior [ RunTime:0.001000s ]
INFO: Run Behavior\CheckLangBehavior [ RunTime:0.002000s ]
INFO: [ app_begin ] --END-- [ RunTime:0.004000s ]
SQL: SHOW COLUMNS FROM `sise_users` [ RunTime:0.0050s ]
SQL: SELECT * FROM `sise_users` WHERE ( id=1 ) LIMIT 1   [ RunTime:0.0000s ]
SQL: SHOW COLUMNS FROM `sise_users` [ RunTime:0.0060s ]
SQL: SHOW COLUMNS FROM `sise_role` [ RunTime:0.0040s ]
SQL: SELECT * FROM `sise_users` WHERE `user_login` = 'admin1' LIMIT 1   [ RunTime:0.0010s ]
SQL: SELECT * FROM `sise_users` WHERE `user_email` = '111@qq.com' LIMIT 1   [ RunTime:0.0010s ]
SQL: INSERT INTO `sise_users` (`user_login`,`user_pass`,`user_email`,`create_time`) VALUES ('admin1','###d7aa2eb4585f3a760e6c6cde16b802ca','111@qq.com','2016-04-04 22:08:45') [ RunTime:0.0000s ]
SQL: SHOW COLUMNS FROM `sise_role_user` [ RunTime:0.0620s ]
SQL: INSERT INTO `sise_role_user` (`role_id`,`user_id`) VALUES ('3','35') [ RunTime:0.0000s ]

[ 2016-04-04T22:24:47+08:00 ] ::1 /2016Sise/index.php?g=Admin&m=Menu&a=index&menuid=100
NOTIC: D方法实例化没找到模型类Common\Model\AuthRuleModel

[ 2016-04-04T22:24:49+08:00 ] ::1 /2016Sise/index.php?g=Admin&m=menu&a=lists
NOTIC: D方法实例化没找到模型类Common\Model\AuthRuleModel

