[ 2016-04-11T18:21:55+08:00 ] ::1 /2016Sise/index.php?g=user&m=index&a=is_login
INFO: [ app_begin ] --START--
INFO: Run Behavior\ReadHtmlCacheBehavior [ RunTime:0.001001s ]
INFO: Run Behavior\CheckLangBehavior [ RunTime:0.001000s ]
INFO: [ app_begin ] --END-- [ RunTime:0.004001s ]
NOTIC: [8] Undefined index: url D:\wamp\www\2016Sise\application\Common\Controller\AppframeController.class.php 第 24 行.

[ 2016-04-11T18:21:57+08:00 ] ::1 /2016Sise/index.php?g=user&m=index&a=is_login
INFO: [ app_begin ] --START--
INFO: Run Behavior\ReadHtmlCacheBehavior [ RunTime:0.001000s ]
INFO: Run Behavior\CheckLangBehavior [ RunTime:0.002001s ]
INFO: [ app_begin ] --END-- [ RunTime:0.004001s ]
NOTIC: [8] Undefined index: url D:\wamp\www\2016Sise\application\Common\Controller\AppframeController.class.php 第 24 行.

[ 2016-04-11T18:21:59+08:00 ] ::1 /2016Sise/index.php?g=user&m=index&a=is_login
INFO: [ app_begin ] --START--
INFO: Run Behavior\ReadHtmlCacheBehavior [ RunTime:0.001000s ]
INFO: Run Behavior\CheckLangBehavior [ RunTime:0.002000s ]
INFO: [ app_begin ] --END-- [ RunTime:0.003000s ]
NOTIC: [8] Undefined index: url D:\wamp\www\2016Sise\application\Common\Controller\AppframeController.class.php 第 24 行.

[ 2016-04-11T18:22:02+08:00 ] ::1 /2016Sise/index.php?g=user&m=index&a=is_login
INFO: [ app_begin ] --START--
INFO: Run Behavior\ReadHtmlCacheBehavior [ RunTime:0.001000s ]
INFO: Run Behavior\CheckLangBehavior [ RunTime:0.001000s ]
INFO: [ app_begin ] --END-- [ RunTime:0.003000s ]
NOTIC: [8] Undefined index: url D:\wamp\www\2016Sise\application\Common\Controller\AppframeController.class.php 第 24 行.

[ 2016-04-11T18:22:06+08:00 ] ::1 /2016Sise/index.php?g=user&m=index&a=is_login
INFO: [ app_begin ] --START--
INFO: Run Behavior\ReadHtmlCacheBehavior [ RunTime:0.001001s ]
INFO: Run Behavior\CheckLangBehavior [ RunTime:0.002000s ]
INFO: [ app_begin ] --END-- [ RunTime:0.003001s ]
NOTIC: [8] Undefined index: url D:\wamp\www\2016Sise\application\Common\Controller\AppframeController.class.php 第 24 行.

[ 2016-04-11T18:22:23+08:00 ] ::1 /2016Sise/index.php?g=user&m=index&a=is_login
INFO: [ app_begin ] --START--
INFO: Run Behavior\ReadHtmlCacheBehavior [ RunTime:0.002000s ]
INFO: Run Behavior\CheckLangBehavior [ RunTime:0.003000s ]
INFO: [ app_begin ] --END-- [ RunTime:0.006000s ]
NOTIC: [8] Undefined index: url D:\wamp\www\2016Sise\application\Common\Controller\AppframeController.class.php 第 24 行.

[ 2016-04-11T18:22:29+08:00 ] ::1 /2016Sise/index.php?g=user&m=index&a=is_login
INFO: [ app_begin ] --START--
INFO: Run Behavior\ReadHtmlCacheBehavior [ RunTime:0.001000s ]
INFO: Run Behavior\CheckLangBehavior [ RunTime:0.003001s ]
INFO: [ app_begin ] --END-- [ RunTime:0.005001s ]
NOTIC: [8] Undefined index: url D:\wamp\www\2016Sise\application\Common\Controller\AppframeController.class.php 第 24 行.

[ 2016-04-11T18:22:42+08:00 ] ::1 /2016Sise/index.php?g=user&m=login&a=dologin
INFO: [ app_begin ] --START--
INFO: Run Behavior\ReadHtmlCacheBehavior [ RunTime:0.001000s ]
INFO: Run Behavior\CheckLangBehavior [ RunTime:0.001001s ]
INFO: [ app_begin ] --END-- [ RunTime:0.003001s ]
SQL: SHOW COLUMNS FROM `sise_users` [ RunTime:0.0050s ]
SQL: SELECT * FROM `sise_users` WHERE `user_login` = 'organ' LIMIT 1   [ RunTime:0.0000s ]
SQL: UPDATE `sise_users` SET `last_login_time`='2016-04-11 18:22:42',`last_login_ip`='0.0.0.0' WHERE ( id=14 ) [ RunTime:0.0010s ]

[ 2016-04-11T18:22:44+08:00 ] ::1 /2016Sise/index.php?g=user&m=index&a=is_login
INFO: [ app_begin ] --START--
INFO: Run Behavior\ReadHtmlCacheBehavior [ RunTime:0.001000s ]
INFO: Run Behavior\CheckLangBehavior [ RunTime:0.003000s ]
INFO: [ app_begin ] --END-- [ RunTime:0.005000s ]
NOTIC: [8] Undefined index: url D:\wamp\www\2016Sise\application\Common\Controller\AppframeController.class.php 第 24 行.

[ 2016-04-11T18:22:46+08:00 ] ::1 /2016Sise/index.php?g=user&m=index&a=is_login
INFO: [ app_begin ] --START--
INFO: Run Behavior\ReadHtmlCacheBehavior [ RunTime:0.002001s ]
INFO: Run Behavior\CheckLangBehavior [ RunTime:0.002000s ]
INFO: [ app_begin ] --END-- [ RunTime:0.005001s ]
NOTIC: [8] Undefined index: url D:\wamp\www\2016Sise\application\Common\Controller\AppframeController.class.php 第 24 行.

[ 2016-04-11T18:22:47+08:00 ] ::1 /2016Sise/index.php?g=user&m=index&a=is_login
INFO: [ app_begin ] --START--
INFO: Run Behavior\ReadHtmlCacheBehavior [ RunTime:0.003001s ]
INFO: Run Behavior\CheckLangBehavior [ RunTime:0.003000s ]
INFO: [ app_begin ] --END-- [ RunTime:0.008001s ]
NOTIC: [8] Undefined index: url D:\wamp\www\2016Sise\application\Common\Controller\AppframeController.class.php 第 24 行.

[ 2016-04-11T18:22:50+08:00 ] ::1 /2016Sise/index.php?g=user&m=index&a=is_login
INFO: [ app_begin ] --START--
INFO: Run Behavior\ReadHtmlCacheBehavior [ RunTime:0.001000s ]
INFO: Run Behavior\CheckLangBehavior [ RunTime:0.005000s ]
INFO: [ app_begin ] --END-- [ RunTime:0.008000s ]
NOTIC: [8] Undefined index: url D:\wamp\www\2016Sise\application\Common\Controller\AppframeController.class.php 第 24 行.

[ 2016-04-11T18:22:55+08:00 ] ::1 /2016Sise/index.php?g=user&m=index&a=is_login
INFO: [ app_begin ] --START--
INFO: Run Behavior\ReadHtmlCacheBehavior [ RunTime:0.002001s ]
INFO: Run Behavior\CheckLangBehavior [ RunTime:0.002000s ]
INFO: [ app_begin ] --END-- [ RunTime:0.005001s ]
NOTIC: [8] Undefined index: url D:\wamp\www\2016Sise\application\Common\Controller\AppframeController.class.php 第 24 行.

[ 2016-04-11T18:24:26+08:00 ] ::1 /2016Sise/index.php?g=user&m=index&a=is_login
INFO: [ app_begin ] --START--
INFO: Run Behavior\ReadHtmlCacheBehavior [ RunTime:0.001000s ]
INFO: Run Behavior\CheckLangBehavior [ RunTime:0.002000s ]
INFO: [ app_begin ] --END-- [ RunTime:0.005000s ]
NOTIC: [8] Undefined index: url D:\wamp\www\2016Sise\application\Common\Controller\AppframeController.class.php 第 24 行.

[ 2016-04-11T18:25:35+08:00 ] ::1 /2016Sise/index.php?g=user&m=index&a=is_login
INFO: [ app_begin ] --START--
INFO: Run Behavior\ReadHtmlCacheBehavior [ RunTime:0.001000s ]
INFO: Run Behavior\CheckLangBehavior [ RunTime:0.001000s ]
INFO: [ app_begin ] --END-- [ RunTime:0.003000s ]
NOTIC: [8] Undefined index: url D:\wamp\www\2016Sise\application\Common\Controller\AppframeController.class.php 第 24 行.

[ 2016-04-11T18:26:03+08:00 ] ::1 /2016Sise/index.php?g=user&m=index&a=is_login
INFO: [ app_begin ] --START--
INFO: Run Behavior\ReadHtmlCacheBehavior [ RunTime:0.001000s ]
INFO: Run Behavior\CheckLangBehavior [ RunTime:0.003000s ]
INFO: [ app_begin ] --END-- [ RunTime:0.005000s ]
NOTIC: [8] Undefined index: url D:\wamp\www\2016Sise\application\Common\Controller\AppframeController.class.php 第 24 行.

[ 2016-04-11T18:26:08+08:00 ] ::1 /2016Sise/index.php?g=user&m=index&a=is_login
INFO: [ app_begin ] --START--
INFO: Run Behavior\ReadHtmlCacheBehavior [ RunTime:0.001000s ]
INFO: Run Behavior\CheckLangBehavior [ RunTime:0.001000s ]
INFO: [ app_begin ] --END-- [ RunTime:0.004000s ]
NOTIC: [8] Undefined index: url D:\wamp\www\2016Sise\application\Common\Controller\AppframeController.class.php 第 24 行.

[ 2016-04-11T18:26:14+08:00 ] ::1 /2016Sise/index.php?g=user&m=login&a=dologin
INFO: [ app_begin ] --START--
INFO: Run Behavior\ReadHtmlCacheBehavior [ RunTime:0.001000s ]
INFO: Run Behavior\CheckLangBehavior [ RunTime:0.002000s ]
INFO: [ app_begin ] --END-- [ RunTime:0.004000s ]

[ 2016-04-11T18:26:17+08:00 ] ::1 /2016Sise/index.php?g=user&m=login&a=dologin
INFO: [ app_begin ] --START--
INFO: Run Behavior\ReadHtmlCacheBehavior [ RunTime:0.001001s ]
INFO: Run Behavior\CheckLangBehavior [ RunTime:0.002000s ]
INFO: [ app_begin ] --END-- [ RunTime:0.004001s ]
SQL: SHOW COLUMNS FROM `sise_users` [ RunTime:0.0040s ]
SQL: SELECT * FROM `sise_users` WHERE `user_login` = 'admin' LIMIT 1   [ RunTime:0.0000s ]

[ 2016-04-11T18:26:23+08:00 ] ::1 /2016Sise/index.php?g=user&m=login&a=dologin
INFO: [ app_begin ] --START--
INFO: Run Behavior\ReadHtmlCacheBehavior [ RunTime:0.002000s ]
INFO: Run Behavior\CheckLangBehavior [ RunTime:0.001000s ]
INFO: [ app_begin ] --END-- [ RunTime:0.003000s ]

[ 2016-04-11T18:26:26+08:00 ] ::1 /2016Sise/index.php?g=user&m=index&a=is_login
INFO: [ app_begin ] --START--
INFO: Run Behavior\ReadHtmlCacheBehavior [ RunTime:0.002000s ]
INFO: Run Behavior\CheckLangBehavior [ RunTime:0.004000s ]
INFO: [ app_begin ] --END-- [ RunTime:0.007001s ]
NOTIC: [8] Undefined index: url D:\wamp\www\2016Sise\application\Common\Controller\AppframeController.class.php 第 24 行.

[ 2016-04-11T18:26:30+08:00 ] ::1 /2016Sise/index.php?g=user&m=login&a=dologin
INFO: [ app_begin ] --START--
INFO: Run Behavior\ReadHtmlCacheBehavior [ RunTime:0.001000s ]
INFO: Run Behavior\CheckLangBehavior [ RunTime:0.001000s ]
INFO: [ app_begin ] --END-- [ RunTime:0.003000s ]

[ 2016-04-11T18:26:33+08:00 ] ::1 /2016Sise/index.php?g=user&m=login&a=dologin
INFO: [ app_begin ] --START--
INFO: Run Behavior\ReadHtmlCacheBehavior [ RunTime:0.001000s ]
INFO: Run Behavior\CheckLangBehavior [ RunTime:0.001000s ]
INFO: [ app_begin ] --END-- [ RunTime:0.004001s ]
SQL: SHOW COLUMNS FROM `sise_users` [ RunTime:0.0070s ]
SQL: SELECT * FROM `sise_users` WHERE `user_login` = 'admin' LIMIT 1   [ RunTime:0.0000s ]

[ 2016-04-11T18:26:35+08:00 ] ::1 /2016Sise/index.php?g=user&m=index&a=is_login
INFO: [ app_begin ] --START--
INFO: Run Behavior\ReadHtmlCacheBehavior [ RunTime:0.001000s ]
INFO: Run Behavior\CheckLangBehavior [ RunTime:0.002000s ]
INFO: [ app_begin ] --END-- [ RunTime:0.004000s ]
NOTIC: [8] Undefined index: url D:\wamp\www\2016Sise\application\Common\Controller\AppframeController.class.php 第 24 行.

[ 2016-04-11T18:26:43+08:00 ] ::1 /2016Sise/index.php?g=user&m=login&a=dologin
INFO: [ app_begin ] --START--
INFO: Run Behavior\ReadHtmlCacheBehavior [ RunTime:0.001000s ]
INFO: Run Behavior\CheckLangBehavior [ RunTime:0.002000s ]
INFO: [ app_begin ] --END-- [ RunTime:0.003000s ]
SQL: SHOW COLUMNS FROM `sise_users` [ RunTime:0.0060s ]
SQL: SELECT * FROM `sise_users` WHERE `user_login` = 'admin' LIMIT 1   [ RunTime:0.0010s ]
SQL: UPDATE `sise_users` SET `last_login_time`='2016-04-11 18:26:43',`last_login_ip`='0.0.0.0' WHERE ( id=1 ) [ RunTime:0.0000s ]

[ 2016-04-11T18:26:45+08:00 ] ::1 /2016Sise/index.php?g=user&m=index&a=is_login
INFO: [ app_begin ] --START--
INFO: Run Behavior\ReadHtmlCacheBehavior [ RunTime:0.003000s ]
INFO: Run Behavior\CheckLangBehavior [ RunTime:0.003000s ]
INFO: [ app_begin ] --END-- [ RunTime:0.006000s ]
NOTIC: [8] Undefined index: url D:\wamp\www\2016Sise\application\Common\Controller\AppframeController.class.php 第 24 行.

[ 2016-04-11T18:26:47+08:00 ] ::1 /2016Sise/index.php?g=user&m=index&a=is_login
INFO: [ app_begin ] --START--
INFO: Run Behavior\ReadHtmlCacheBehavior [ RunTime:0.002001s ]
INFO: Run Behavior\CheckLangBehavior [ RunTime:0.002000s ]
INFO: [ app_begin ] --END-- [ RunTime:0.005001s ]
NOTIC: [8] Undefined index: url D:\wamp\www\2016Sise\application\Common\Controller\AppframeController.class.php 第 24 行.

[ 2016-04-11T18:26:48+08:00 ] ::1 /2016Sise/index.php?g=user&m=index&a=is_login
INFO: [ app_begin ] --START--
INFO: Run Behavior\ReadHtmlCacheBehavior [ RunTime:0.002000s ]
INFO: Run Behavior\CheckLangBehavior [ RunTime:0.008000s ]
INFO: [ app_begin ] --END-- [ RunTime:0.011000s ]
NOTIC: [8] Undefined index: url D:\wamp\www\2016Sise\application\Common\Controller\AppframeController.class.php 第 24 行.

[ 2016-04-11T18:26:50+08:00 ] ::1 /2016Sise/index.php?g=user&m=index&a=is_login
INFO: [ app_begin ] --START--
INFO: Run Behavior\ReadHtmlCacheBehavior [ RunTime:0.001000s ]
INFO: Run Behavior\CheckLangBehavior [ RunTime:0.002000s ]
INFO: [ app_begin ] --END-- [ RunTime:0.004000s ]
NOTIC: [8] Undefined index: url D:\wamp\www\2016Sise\application\Common\Controller\AppframeController.class.php 第 24 行.

[ 2016-04-11T18:26:52+08:00 ] ::1 /2016Sise/index.php?g=user&m=index&a=is_login
INFO: [ app_begin ] --START--
INFO: Run Behavior\ReadHtmlCacheBehavior [ RunTime:0.001000s ]
INFO: Run Behavior\CheckLangBehavior [ RunTime:0.003000s ]
INFO: [ app_begin ] --END-- [ RunTime:0.006000s ]
NOTIC: [8] Undefined index: url D:\wamp\www\2016Sise\application\Common\Controller\AppframeController.class.php 第 24 行.

[ 2016-04-11T18:26:55+08:00 ] ::1 /2016Sise/index.php?g=user&m=index&a=is_login
INFO: [ app_begin ] --START--
INFO: Run Behavior\ReadHtmlCacheBehavior [ RunTime:0.002000s ]
INFO: Run Behavior\CheckLangBehavior [ RunTime:0.002000s ]
INFO: [ app_begin ] --END-- [ RunTime:0.006000s ]
NOTIC: [8] Undefined index: url D:\wamp\www\2016Sise\application\Common\Controller\AppframeController.class.php 第 24 行.

[ 2016-04-11T18:42:29+08:00 ] ::1 /2016Sise/index.php?g=user&m=index&a=is_login
INFO: [ app_begin ] --START--
INFO: Run Behavior\ReadHtmlCacheBehavior [ RunTime:0.002000s ]
INFO: Run Behavior\CheckLangBehavior [ RunTime:0.004001s ]
INFO: [ app_begin ] --END-- [ RunTime:0.008001s ]
NOTIC: [8] Undefined index: url D:\wamp\www\2016Sise\application\Common\Controller\AppframeController.class.php 第 24 行.

[ 2016-04-11T18:42:30+08:00 ] ::1 /2016Sise/index.php?g=user&m=index&a=is_login
INFO: [ app_begin ] --START--
INFO: Run Behavior\ReadHtmlCacheBehavior [ RunTime:0.001000s ]
INFO: Run Behavior\CheckLangBehavior [ RunTime:0.002000s ]
INFO: [ app_begin ] --END-- [ RunTime:0.005000s ]
NOTIC: [8] Undefined index: url D:\wamp\www\2016Sise\application\Common\Controller\AppframeController.class.php 第 24 行.

[ 2016-04-11T18:42:38+08:00 ] ::1 /2016Sise/index.php?g=user&m=index&a=is_login
INFO: [ app_begin ] --START--
INFO: Run Behavior\ReadHtmlCacheBehavior [ RunTime:0.001000s ]
INFO: Run Behavior\CheckLangBehavior [ RunTime:0.003000s ]
INFO: [ app_begin ] --END-- [ RunTime:0.005000s ]
NOTIC: [8] Undefined index: url D:\wamp\www\2016Sise\application\Common\Controller\AppframeController.class.php 第 24 行.

[ 2016-04-11T18:42:48+08:00 ] ::1 /2016Sise/index.php?g=user&m=login&a=dologin
INFO: [ app_begin ] --START--
INFO: Run Behavior\ReadHtmlCacheBehavior [ RunTime:0.001000s ]
INFO: Run Behavior\CheckLangBehavior [ RunTime:0.001000s ]
INFO: [ app_begin ] --END-- [ RunTime:0.002000s ]
SQL: SHOW COLUMNS FROM `sise_users` [ RunTime:0.0050s ]
SQL: SELECT * FROM `sise_users` WHERE `user_login` = 'organ' LIMIT 1   [ RunTime:0.0000s ]
SQL: UPDATE `sise_users` SET `last_login_time`='2016-04-11 18:42:48',`last_login_ip`='0.0.0.0' WHERE ( id=14 ) [ RunTime:0.0000s ]

[ 2016-04-11T18:42:50+08:00 ] ::1 /2016Sise/index.php?g=user&m=index&a=is_login
INFO: [ app_begin ] --START--
INFO: Run Behavior\ReadHtmlCacheBehavior [ RunTime:0.001000s ]
INFO: Run Behavior\CheckLangBehavior [ RunTime:0.003001s ]
INFO: [ app_begin ] --END-- [ RunTime:0.005001s ]
NOTIC: [8] Undefined index: url D:\wamp\www\2016Sise\application\Common\Controller\AppframeController.class.php 第 24 行.

[ 2016-04-11T18:44:37+08:00 ] ::1 /2016Sise/index.php?g=user&m=index&a=is_login
INFO: [ app_begin ] --START--
INFO: Run Behavior\ReadHtmlCacheBehavior [ RunTime:0.001000s ]
INFO: Run Behavior\CheckLangBehavior [ RunTime:0.002000s ]
INFO: [ app_begin ] --END-- [ RunTime:0.005001s ]
NOTIC: [8] Undefined index: url D:\wamp\www\2016Sise\application\Common\Controller\AppframeController.class.php 第 24 行.

[ 2016-04-11T18:44:38+08:00 ] ::1 /2016Sise/index.php?g=user&m=index&a=is_login
INFO: [ app_begin ] --START--
INFO: Run Behavior\ReadHtmlCacheBehavior [ RunTime:0.000000s ]
INFO: Run Behavior\CheckLangBehavior [ RunTime:0.002000s ]
INFO: [ app_begin ] --END-- [ RunTime:0.004001s ]
NOTIC: [8] Undefined index: url D:\wamp\www\2016Sise\application\Common\Controller\AppframeController.class.php 第 24 行.

[ 2016-04-11T18:44:39+08:00 ] ::1 /2016Sise/index.php?g=user&m=index&a=is_login
INFO: [ app_begin ] --START--
INFO: Run Behavior\ReadHtmlCacheBehavior [ RunTime:0.002000s ]
INFO: Run Behavior\CheckLangBehavior [ RunTime:0.004000s ]
INFO: [ app_begin ] --END-- [ RunTime:0.008000s ]
NOTIC: [8] Undefined index: url D:\wamp\www\2016Sise\application\Common\Controller\AppframeController.class.php 第 24 行.

[ 2016-04-11T18:44:41+08:00 ] ::1 /2016Sise/index.php?g=user&m=index&a=is_login
INFO: [ app_begin ] --START--
INFO: Run Behavior\ReadHtmlCacheBehavior [ RunTime:0.001000s ]
INFO: Run Behavior\CheckLangBehavior [ RunTime:0.014001s ]
INFO: [ app_begin ] --END-- [ RunTime:0.016001s ]
NOTIC: [8] Undefined index: url D:\wamp\www\2016Sise\application\Common\Controller\AppframeController.class.php 第 24 行.

[ 2016-04-11T18:44:46+08:00 ] ::1 /2016Sise/index.php?g=user&m=index&a=is_login
INFO: [ app_begin ] --START--
INFO: Run Behavior\ReadHtmlCacheBehavior [ RunTime:0.002000s ]
INFO: Run Behavior\CheckLangBehavior [ RunTime:0.003000s ]
INFO: [ app_begin ] --END-- [ RunTime:0.005000s ]
NOTIC: [8] Undefined index: url D:\wamp\www\2016Sise\application\Common\Controller\AppframeController.class.php 第 24 行.

[ 2016-04-11T18:46:05+08:00 ] ::1 /2016Sise/index.php?g=user&m=index&a=is_login
INFO: [ app_begin ] --START--
INFO: Run Behavior\ReadHtmlCacheBehavior [ RunTime:0.001000s ]
INFO: Run Behavior\CheckLangBehavior [ RunTime:0.002000s ]
INFO: [ app_begin ] --END-- [ RunTime:0.004000s ]
NOTIC: [8] Undefined index: url D:\wamp\www\2016Sise\application\Common\Controller\AppframeController.class.php 第 24 行.

[ 2016-04-11T18:46:10+08:00 ] ::1 /2016Sise/index.php?g=user&m=index&a=is_login
INFO: [ app_begin ] --START--
INFO: Run Behavior\ReadHtmlCacheBehavior [ RunTime:0.002000s ]
INFO: Run Behavior\CheckLangBehavior [ RunTime:0.002000s ]
INFO: [ app_begin ] --END-- [ RunTime:0.005000s ]
NOTIC: [8] Undefined index: url D:\wamp\www\2016Sise\application\Common\Controller\AppframeController.class.php 第 24 行.

[ 2016-04-11T18:49:09+08:00 ] ::1 /2016Sise/index.php?g=user&m=index&a=is_login
INFO: [ app_begin ] --START--
INFO: Run Behavior\ReadHtmlCacheBehavior [ RunTime:0.001000s ]
INFO: Run Behavior\CheckLangBehavior [ RunTime:0.003001s ]
INFO: [ app_begin ] --END-- [ RunTime:0.005001s ]
NOTIC: [8] Undefined index: url D:\wamp\www\2016Sise\application\Common\Controller\AppframeController.class.php 第 24 行.

[ 2016-04-11T18:49:14+08:00 ] ::1 /2016Sise/index.php?g=user&m=index&a=is_login
INFO: [ app_begin ] --START--
INFO: Run Behavior\ReadHtmlCacheBehavior [ RunTime:0.001000s ]
INFO: Run Behavior\CheckLangBehavior [ RunTime:0.003000s ]
INFO: [ app_begin ] --END-- [ RunTime:0.006000s ]
NOTIC: [8] Undefined index: url D:\wamp\www\2016Sise\application\Common\Controller\AppframeController.class.php 第 24 行.

[ 2016-04-11T19:04:37+08:00 ] ::1 /2016Sise/index.php?g=user&m=index&a=is_login
INFO: [ app_begin ] --START--
INFO: Run Behavior\ReadHtmlCacheBehavior [ RunTime:0.001000s ]
INFO: Run Behavior\CheckLangBehavior [ RunTime:0.002000s ]
INFO: [ app_begin ] --END-- [ RunTime:0.004000s ]
NOTIC: [8] Undefined index: url D:\wamp\www\2016Sise\application\Common\Controller\AppframeController.class.php 第 24 行.

[ 2016-04-11T19:04:42+08:00 ] ::1 /2016Sise/index.php?g=user&m=index&a=is_login
INFO: [ app_begin ] --START--
INFO: Run Behavior\ReadHtmlCacheBehavior [ RunTime:0.002000s ]
INFO: Run Behavior\CheckLangBehavior [ RunTime:0.002001s ]
INFO: [ app_begin ] --END-- [ RunTime:0.005001s ]
NOTIC: [8] Undefined index: url D:\wamp\www\2016Sise\application\Common\Controller\AppframeController.class.php 第 24 行.

[ 2016-04-11T19:04:47+08:00 ] ::1 /2016Sise/index.php?g=user&m=index&a=is_login
INFO: [ app_begin ] --START--
INFO: Run Behavior\ReadHtmlCacheBehavior [ RunTime:0.002000s ]
INFO: Run Behavior\CheckLangBehavior [ RunTime:0.002000s ]
INFO: [ app_begin ] --END-- [ RunTime:0.006000s ]
NOTIC: [8] Undefined index: url D:\wamp\www\2016Sise\application\Common\Controller\AppframeController.class.php 第 24 行.

[ 2016-04-11T19:05:00+08:00 ] ::1 /2016Sise/index.php?g=user&m=index&a=is_login
INFO: [ app_begin ] --START--
INFO: Run Behavior\ReadHtmlCacheBehavior [ RunTime:0.002000s ]
INFO: Run Behavior\CheckLangBehavior [ RunTime:0.002000s ]
INFO: [ app_begin ] --END-- [ RunTime:0.005000s ]
NOTIC: [8] Undefined index: url D:\wamp\www\2016Sise\application\Common\Controller\AppframeController.class.php 第 24 行.

[ 2016-04-11T19:05:06+08:00 ] ::1 /2016Sise/index.php?g=user&m=index&a=is_login
INFO: [ app_begin ] --START--
INFO: Run Behavior\ReadHtmlCacheBehavior [ RunTime:0.001000s ]
INFO: Run Behavior\CheckLangBehavior [ RunTime:0.003000s ]
INFO: [ app_begin ] --END-- [ RunTime:0.005000s ]
NOTIC: [8] Undefined index: url D:\wamp\www\2016Sise\application\Common\Controller\AppframeController.class.php 第 24 行.

[ 2016-04-11T19:28:31+08:00 ] ::1 /2016Sise/index.php?g=user&m=index&a=is_login
INFO: [ app_begin ] --START--
INFO: Run Behavior\ReadHtmlCacheBehavior [ RunTime:0.002000s ]
INFO: Run Behavior\CheckLangBehavior [ RunTime:0.003001s ]
INFO: [ app_begin ] --END-- [ RunTime:0.006001s ]
NOTIC: [8] Undefined index: url D:\wamp\www\2016Sise\application\Common\Controller\AppframeController.class.php 第 24 行.

[ 2016-04-11T19:28:36+08:00 ] ::1 /2016Sise/index.php?g=user&m=index&a=is_login
INFO: [ app_begin ] --START--
INFO: Run Behavior\ReadHtmlCacheBehavior [ RunTime:0.000000s ]
INFO: Run Behavior\CheckLangBehavior [ RunTime:0.001000s ]
INFO: [ app_begin ] --END-- [ RunTime:0.003000s ]
NOTIC: [8] Undefined index: url D:\wamp\www\2016Sise\application\Common\Controller\AppframeController.class.php 第 24 行.

[ 2016-04-11T19:28:46+08:00 ] ::1 /2016Sise/index.php?g=user&m=index&a=is_login
INFO: [ app_begin ] --START--
INFO: Run Behavior\ReadHtmlCacheBehavior [ RunTime:0.001000s ]
INFO: Run Behavior\CheckLangBehavior [ RunTime:0.001000s ]
INFO: [ app_begin ] --END-- [ RunTime:0.003000s ]
NOTIC: [8] Undefined index: url D:\wamp\www\2016Sise\application\Common\Controller\AppframeController.class.php 第 24 行.

[ 2016-04-11T19:28:59+08:00 ] ::1 /2016Sise/index.php?g=user&m=index&a=is_login
INFO: [ app_begin ] --START--
INFO: Run Behavior\ReadHtmlCacheBehavior [ RunTime:0.003000s ]
INFO: Run Behavior\CheckLangBehavior [ RunTime:0.002001s ]
INFO: [ app_begin ] --END-- [ RunTime:0.006001s ]
NOTIC: [8] Undefined index: url D:\wamp\www\2016Sise\application\Common\Controller\AppframeController.class.php 第 24 行.

[ 2016-04-11T19:29:01+08:00 ] ::1 /2016Sise/index.php?g=user&m=index&a=is_login
INFO: [ app_begin ] --START--
INFO: Run Behavior\ReadHtmlCacheBehavior [ RunTime:0.002000s ]
INFO: Run Behavior\CheckLangBehavior [ RunTime:0.003000s ]
INFO: [ app_begin ] --END-- [ RunTime:0.006000s ]
NOTIC: [8] Undefined index: url D:\wamp\www\2016Sise\application\Common\Controller\AppframeController.class.php 第 24 行.

[ 2016-04-11T19:29:03+08:00 ] ::1 /2016Sise/index.php?g=user&m=index&a=is_login
INFO: [ app_begin ] --START--
INFO: Run Behavior\ReadHtmlCacheBehavior [ RunTime:0.001000s ]
INFO: Run Behavior\CheckLangBehavior [ RunTime:0.002000s ]
INFO: [ app_begin ] --END-- [ RunTime:0.004000s ]
NOTIC: [8] Undefined index: url D:\wamp\www\2016Sise\application\Common\Controller\AppframeController.class.php 第 24 行.

[ 2016-04-11T19:29:07+08:00 ] ::1 /2016Sise/index.php?g=user&m=index&a=is_login
INFO: [ app_begin ] --START--
INFO: Run Behavior\ReadHtmlCacheBehavior [ RunTime:0.002000s ]
INFO: Run Behavior\CheckLangBehavior [ RunTime:0.002000s ]
INFO: [ app_begin ] --END-- [ RunTime:0.005000s ]
NOTIC: [8] Undefined index: url D:\wamp\www\2016Sise\application\Common\Controller\AppframeController.class.php 第 24 行.

[ 2016-04-11T19:29:33+08:00 ] ::1 /2016Sise/index.php?g=user&m=index&a=is_login
INFO: [ app_begin ] --START--
INFO: Run Behavior\ReadHtmlCacheBehavior [ RunTime:0.002000s ]
INFO: Run Behavior\CheckLangBehavior [ RunTime:0.002000s ]
INFO: [ app_begin ] --END-- [ RunTime:0.004000s ]
NOTIC: [8] Undefined index: url D:\wamp\www\2016Sise\application\Common\Controller\AppframeController.class.php 第 24 行.

[ 2016-04-11T19:31:01+08:00 ] ::1 /2016Sise/index.php?g=user&m=index&a=is_login
INFO: [ app_begin ] --START--
INFO: Run Behavior\ReadHtmlCacheBehavior [ RunTime:0.002000s ]
INFO: Run Behavior\CheckLangBehavior [ RunTime:0.002000s ]
INFO: [ app_begin ] --END-- [ RunTime:0.005000s ]
NOTIC: [8] Undefined index: url D:\wamp\www\2016Sise\application\Common\Controller\AppframeController.class.php 第 24 行.

[ 2016-04-11T19:31:02+08:00 ] ::1 /2016Sise/index.php?g=user&m=index&a=is_login
INFO: [ app_begin ] --START--
INFO: Run Behavior\ReadHtmlCacheBehavior [ RunTime:0.001000s ]
INFO: Run Behavior\CheckLangBehavior [ RunTime:0.002001s ]
INFO: [ app_begin ] --END-- [ RunTime:0.004001s ]
NOTIC: [8] Undefined index: url D:\wamp\www\2016Sise\application\Common\Controller\AppframeController.class.php 第 24 行.

[ 2016-04-11T19:31:04+08:00 ] ::1 /2016Sise/index.php?g=user&m=index&a=is_login
INFO: [ app_begin ] --START--
INFO: Run Behavior\ReadHtmlCacheBehavior [ RunTime:0.002000s ]
INFO: Run Behavior\CheckLangBehavior [ RunTime:0.002001s ]
INFO: [ app_begin ] --END-- [ RunTime:0.005001s ]
NOTIC: [8] Undefined index: url D:\wamp\www\2016Sise\application\Common\Controller\AppframeController.class.php 第 24 行.

[ 2016-04-11T19:31:06+08:00 ] ::1 /2016Sise/index.php?g=user&m=index&a=is_login
INFO: [ app_begin ] --START--
INFO: Run Behavior\ReadHtmlCacheBehavior [ RunTime:0.001000s ]
INFO: Run Behavior\CheckLangBehavior [ RunTime:0.001000s ]
INFO: [ app_begin ] --END-- [ RunTime:0.002000s ]
NOTIC: [8] Undefined index: url D:\wamp\www\2016Sise\application\Common\Controller\AppframeController.class.php 第 24 行.

[ 2016-04-11T19:31:08+08:00 ] ::1 /2016Sise/index.php?g=user&m=index&a=is_login
INFO: [ app_begin ] --START--
INFO: Run Behavior\ReadHtmlCacheBehavior [ RunTime:0.001000s ]
INFO: Run Behavior\CheckLangBehavior [ RunTime:0.004000s ]
INFO: [ app_begin ] --END-- [ RunTime:0.005000s ]
NOTIC: [8] Undefined index: url D:\wamp\www\2016Sise\application\Common\Controller\AppframeController.class.php 第 24 行.

[ 2016-04-11T19:31:10+08:00 ] ::1 /2016Sise/index.php?g=user&m=index&a=is_login
INFO: [ app_begin ] --START--
INFO: Run Behavior\ReadHtmlCacheBehavior [ RunTime:0.001000s ]
INFO: Run Behavior\CheckLangBehavior [ RunTime:0.003000s ]
INFO: [ app_begin ] --END-- [ RunTime:0.007000s ]
NOTIC: [8] Undefined index: url D:\wamp\www\2016Sise\application\Common\Controller\AppframeController.class.php 第 24 行.

[ 2016-04-11T19:31:12+08:00 ] ::1 /2016Sise/index.php?g=user&m=index&a=is_login
INFO: [ app_begin ] --START--
INFO: Run Behavior\ReadHtmlCacheBehavior [ RunTime:0.001000s ]
INFO: Run Behavior\CheckLangBehavior [ RunTime:0.002000s ]
INFO: [ app_begin ] --END-- [ RunTime:0.004000s ]
NOTIC: [8] Undefined index: url D:\wamp\www\2016Sise\application\Common\Controller\AppframeController.class.php 第 24 行.

[ 2016-04-11T19:31:18+08:00 ] ::1 /2016Sise/index.php?g=user&m=index&a=is_login
INFO: [ app_begin ] --START--
INFO: Run Behavior\ReadHtmlCacheBehavior [ RunTime:0.002000s ]
INFO: Run Behavior\CheckLangBehavior [ RunTime:0.002000s ]
INFO: [ app_begin ] --END-- [ RunTime:0.006000s ]
NOTIC: [8] Undefined index: url D:\wamp\www\2016Sise\application\Common\Controller\AppframeController.class.php 第 24 行.

[ 2016-04-11T19:33:11+08:00 ] ::1 /2016Sise/index.php?g=user&m=index&a=is_login
INFO: [ app_begin ] --START--
INFO: Run Behavior\ReadHtmlCacheBehavior [ RunTime:0.001000s ]
INFO: Run Behavior\CheckLangBehavior [ RunTime:0.001000s ]
INFO: [ app_begin ] --END-- [ RunTime:0.003000s ]
NOTIC: [8] Undefined index: url D:\wamp\www\2016Sise\application\Common\Controller\AppframeController.class.php 第 24 行.

[ 2016-04-11T19:33:16+08:00 ] ::1 /2016Sise/index.php?g=user&m=index&a=is_login
INFO: [ app_begin ] --START--
INFO: Run Behavior\ReadHtmlCacheBehavior [ RunTime:0.001000s ]
INFO: Run Behavior\CheckLangBehavior [ RunTime:0.003000s ]
INFO: [ app_begin ] --END-- [ RunTime:0.005000s ]
NOTIC: [8] Undefined index: url D:\wamp\www\2016Sise\application\Common\Controller\AppframeController.class.php 第 24 行.

[ 2016-04-11T19:38:10+08:00 ] ::1 /2016Sise/index.php?g=user&m=index&a=is_login
INFO: [ app_begin ] --START--
INFO: Run Behavior\ReadHtmlCacheBehavior [ RunTime:0.001001s ]
INFO: Run Behavior\CheckLangBehavior [ RunTime:0.002000s ]
INFO: [ app_begin ] --END-- [ RunTime:0.004001s ]
NOTIC: [8] Undefined index: url D:\wamp\www\2016Sise\application\Common\Controller\AppframeController.class.php 第 24 行.

[ 2016-04-11T19:38:11+08:00 ] ::1 /2016Sise/index.php?g=user&m=index&a=is_login
INFO: [ app_begin ] --START--
INFO: Run Behavior\ReadHtmlCacheBehavior [ RunTime:0.001000s ]
INFO: Run Behavior\CheckLangBehavior [ RunTime:0.002000s ]
INFO: [ app_begin ] --END-- [ RunTime:0.005000s ]
NOTIC: [8] Undefined index: url D:\wamp\www\2016Sise\application\Common\Controller\AppframeController.class.php 第 24 行.

[ 2016-04-11T19:39:39+08:00 ] ::1 /2016Sise/index.php?g=user&m=index&a=is_login
INFO: [ app_begin ] --START--
INFO: Run Behavior\ReadHtmlCacheBehavior [ RunTime:0.002000s ]
INFO: Run Behavior\CheckLangBehavior [ RunTime:0.003000s ]
INFO: [ app_begin ] --END-- [ RunTime:0.006000s ]
NOTIC: [8] Undefined index: url D:\wamp\www\2016Sise\application\Common\Controller\AppframeController.class.php 第 24 行.

[ 2016-04-11T19:43:24+08:00 ] ::1 /2016Sise/index.php?g=user&m=index&a=is_login
INFO: [ app_begin ] --START--
INFO: Run Behavior\ReadHtmlCacheBehavior [ RunTime:0.002000s ]
INFO: Run Behavior\CheckLangBehavior [ RunTime:0.002000s ]
INFO: [ app_begin ] --END-- [ RunTime:0.005000s ]
NOTIC: [8] Undefined index: url D:\wamp\www\2016Sise\application\Common\Controller\AppframeController.class.php 第 24 行.

[ 2016-04-11T19:44:11+08:00 ] ::1 /2016Sise/index.php?g=user&m=index&a=is_login
INFO: [ app_begin ] --START--
INFO: Run Behavior\ReadHtmlCacheBehavior [ RunTime:0.001000s ]
INFO: Run Behavior\CheckLangBehavior [ RunTime:0.001000s ]
INFO: [ app_begin ] --END-- [ RunTime:0.003000s ]
NOTIC: [8] Undefined index: url D:\wamp\www\2016Sise\application\Common\Controller\AppframeController.class.php 第 24 行.

[ 2016-04-11T19:44:53+08:00 ] ::1 /2016Sise/index.php?g=user&m=index&a=is_login
INFO: [ app_begin ] --START--
INFO: Run Behavior\ReadHtmlCacheBehavior [ RunTime:0.001000s ]
INFO: Run Behavior\CheckLangBehavior [ RunTime:0.002000s ]
INFO: [ app_begin ] --END-- [ RunTime:0.003000s ]
NOTIC: [8] Undefined index: url D:\wamp\www\2016Sise\application\Common\Controller\AppframeController.class.php 第 24 行.

[ 2016-04-11T19:47:08+08:00 ] ::1 /2016Sise/index.php?g=user&m=index&a=is_login
INFO: [ app_begin ] --START--
INFO: Run Behavior\ReadHtmlCacheBehavior [ RunTime:0.001000s ]
INFO: Run Behavior\CheckLangBehavior [ RunTime:0.002001s ]
INFO: [ app_begin ] --END-- [ RunTime:0.004001s ]
NOTIC: [8] Undefined index: url D:\wamp\www\2016Sise\application\Common\Controller\AppframeController.class.php 第 24 行.

[ 2016-04-11T19:49:38+08:00 ] ::1 /2016Sise/index.php?g=user&m=index&a=is_login
INFO: [ app_begin ] --START--
INFO: Run Behavior\ReadHtmlCacheBehavior [ RunTime:0.001000s ]
INFO: Run Behavior\CheckLangBehavior [ RunTime:0.002000s ]
INFO: [ app_begin ] --END-- [ RunTime:0.004000s ]
NOTIC: [8] Undefined index: url D:\wamp\www\2016Sise\application\Common\Controller\AppframeController.class.php 第 24 行.

[ 2016-04-11T19:49:40+08:00 ] ::1 /2016Sise/index.php?g=user&m=index&a=is_login
INFO: [ app_begin ] --START--
INFO: Run Behavior\ReadHtmlCacheBehavior [ RunTime:0.001000s ]
INFO: Run Behavior\CheckLangBehavior [ RunTime:0.002000s ]
INFO: [ app_begin ] --END-- [ RunTime:0.004000s ]
NOTIC: [8] Undefined index: url D:\wamp\www\2016Sise\application\Common\Controller\AppframeController.class.php 第 24 行.

[ 2016-04-11T19:49:41+08:00 ] ::1 /2016Sise/index.php?g=user&m=index&a=is_login
INFO: [ app_begin ] --START--
INFO: Run Behavior\ReadHtmlCacheBehavior [ RunTime:0.001000s ]
INFO: Run Behavior\CheckLangBehavior [ RunTime:0.002000s ]
INFO: [ app_begin ] --END-- [ RunTime:0.004001s ]
NOTIC: [8] Undefined index: url D:\wamp\www\2016Sise\application\Common\Controller\AppframeController.class.php 第 24 行.

[ 2016-04-11T19:49:42+08:00 ] ::1 /2016Sise/index.php?g=user&m=index&a=is_login
INFO: [ app_begin ] --START--
INFO: Run Behavior\ReadHtmlCacheBehavior [ RunTime:0.002000s ]
INFO: Run Behavior\CheckLangBehavior [ RunTime:0.004000s ]
INFO: [ app_begin ] --END-- [ RunTime:0.007000s ]
NOTIC: [8] Undefined index: url D:\wamp\www\2016Sise\application\Common\Controller\AppframeController.class.php 第 24 行.

[ 2016-04-11T19:49:53+08:00 ] ::1 /2016Sise/index.php?g=user&m=index&a=is_login
INFO: [ app_begin ] --START--
INFO: Run Behavior\ReadHtmlCacheBehavior [ RunTime:0.001000s ]
INFO: Run Behavior\CheckLangBehavior [ RunTime:0.002000s ]
INFO: [ app_begin ] --END-- [ RunTime:0.004000s ]
NOTIC: [8] Undefined index: url D:\wamp\www\2016Sise\application\Common\Controller\AppframeController.class.php 第 24 行.

[ 2016-04-11T19:49:57+08:00 ] ::1 /2016Sise/index.php?g=user&m=index&a=is_login
INFO: [ app_begin ] --START--
INFO: Run Behavior\ReadHtmlCacheBehavior [ RunTime:0.002000s ]
INFO: Run Behavior\CheckLangBehavior [ RunTime:0.001000s ]
INFO: [ app_begin ] --END-- [ RunTime:0.004000s ]
NOTIC: [8] Undefined index: url D:\wamp\www\2016Sise\application\Common\Controller\AppframeController.class.php 第 24 行.

[ 2016-04-11T19:49:58+08:00 ] ::1 /2016Sise/index.php?g=user&m=index&a=is_login
INFO: [ app_begin ] --START--
INFO: Run Behavior\ReadHtmlCacheBehavior [ RunTime:0.000000s ]
INFO: Run Behavior\CheckLangBehavior [ RunTime:0.002000s ]
INFO: [ app_begin ] --END-- [ RunTime:0.003000s ]
NOTIC: [8] Undefined index: url D:\wamp\www\2016Sise\application\Common\Controller\AppframeController.class.php 第 24 行.

[ 2016-04-11T19:50:01+08:00 ] ::1 /2016Sise/index.php?g=user&m=index&a=is_login
INFO: [ app_begin ] --START--
INFO: Run Behavior\ReadHtmlCacheBehavior [ RunTime:0.002000s ]
INFO: Run Behavior\CheckLangBehavior [ RunTime:0.002000s ]
INFO: [ app_begin ] --END-- [ RunTime:0.004000s ]
NOTIC: [8] Undefined index: url D:\wamp\www\2016Sise\application\Common\Controller\AppframeController.class.php 第 24 行.

[ 2016-04-11T19:50:15+08:00 ] ::1 /2016Sise/index.php?g=user&m=index&a=is_login
INFO: [ app_begin ] --START--
INFO: Run Behavior\ReadHtmlCacheBehavior [ RunTime:0.002000s ]
INFO: Run Behavior\CheckLangBehavior [ RunTime:0.002000s ]
INFO: [ app_begin ] --END-- [ RunTime:0.005000s ]
NOTIC: [8] Undefined index: url D:\wamp\www\2016Sise\application\Common\Controller\AppframeController.class.php 第 24 行.

[ 2016-04-11T19:50:42+08:00 ] ::1 /2016Sise/index.php?g=user&m=index&a=is_login
INFO: [ app_begin ] --START--
INFO: Run Behavior\ReadHtmlCacheBehavior [ RunTime:0.001000s ]
INFO: Run Behavior\CheckLangBehavior [ RunTime:0.001001s ]
INFO: [ app_begin ] --END-- [ RunTime:0.003001s ]
NOTIC: [8] Undefined index: url D:\wamp\www\2016Sise\application\Common\Controller\AppframeController.class.php 第 24 行.

[ 2016-04-11T19:50:54+08:00 ] ::1 /2016Sise/index.php?g=user&m=index&a=is_login
INFO: [ app_begin ] --START--
INFO: Run Behavior\ReadHtmlCacheBehavior [ RunTime:0.001001s ]
INFO: Run Behavior\CheckLangBehavior [ RunTime:0.002000s ]
INFO: [ app_begin ] --END-- [ RunTime:0.005001s ]
NOTIC: [8] Undefined index: url D:\wamp\www\2016Sise\application\Common\Controller\AppframeController.class.php 第 24 行.

[ 2016-04-11T19:50:58+08:00 ] ::1 /2016Sise/index.php?g=user&m=index&a=is_login
INFO: [ app_begin ] --START--
INFO: Run Behavior\ReadHtmlCacheBehavior [ RunTime:0.001000s ]
INFO: Run Behavior\CheckLangBehavior [ RunTime:0.001000s ]
INFO: [ app_begin ] --END-- [ RunTime:0.002000s ]
NOTIC: [8] Undefined index: url D:\wamp\www\2016Sise\application\Common\Controller\AppframeController.class.php 第 24 行.

[ 2016-04-11T19:51:06+08:00 ] ::1 /2016Sise/index.php?g=user&m=index&a=is_login
INFO: [ app_begin ] --START--
INFO: Run Behavior\ReadHtmlCacheBehavior [ RunTime:0.000000s ]
INFO: Run Behavior\CheckLangBehavior [ RunTime:0.001000s ]
INFO: [ app_begin ] --END-- [ RunTime:0.004001s ]
NOTIC: [8] Undefined index: url D:\wamp\www\2016Sise\application\Common\Controller\AppframeController.class.php 第 24 行.

[ 2016-04-11T19:51:07+08:00 ] ::1 /2016Sise/index.php?g=user&m=index&a=is_login
INFO: [ app_begin ] --START--
INFO: Run Behavior\ReadHtmlCacheBehavior [ RunTime:0.002000s ]
INFO: Run Behavior\CheckLangBehavior [ RunTime:0.004000s ]
INFO: [ app_begin ] --END-- [ RunTime:0.006000s ]
NOTIC: [8] Undefined index: url D:\wamp\www\2016Sise\application\Common\Controller\AppframeController.class.php 第 24 行.

[ 2016-04-11T19:51:19+08:00 ] ::1 /2016Sise/index.php?g=user&m=index&a=is_login
INFO: [ app_begin ] --START--
INFO: Run Behavior\ReadHtmlCacheBehavior [ RunTime:0.002001s ]
INFO: Run Behavior\CheckLangBehavior [ RunTime:0.003000s ]
INFO: [ app_begin ] --END-- [ RunTime:0.006001s ]
NOTIC: [8] Undefined index: url D:\wamp\www\2016Sise\application\Common\Controller\AppframeController.class.php 第 24 行.

[ 2016-04-11T19:51:30+08:00 ] ::1 /2016Sise/index.php?g=user&m=login&a=dologin
INFO: [ app_begin ] --START--
INFO: Run Behavior\ReadHtmlCacheBehavior [ RunTime:0.001000s ]
INFO: Run Behavior\CheckLangBehavior [ RunTime:0.001000s ]
INFO: [ app_begin ] --END-- [ RunTime:0.002000s ]
SQL: SHOW COLUMNS FROM `sise_users` [ RunTime:0.0040s ]
SQL: SELECT * FROM `sise_users` WHERE `user_email` = '979987464@qq.com' LIMIT 1   [ RunTime:0.0000s ]
SQL: UPDATE `sise_users` SET `last_login_time`='2016-04-11 19:51:30',`last_login_ip`='0.0.0.0' WHERE ( id=30 ) [ RunTime:0.0000s ]

[ 2016-04-11T19:51:32+08:00 ] ::1 /2016Sise/index.php?g=user&m=index&a=is_login
INFO: [ app_begin ] --START--
INFO: Run Behavior\ReadHtmlCacheBehavior [ RunTime:0.001000s ]
INFO: Run Behavior\CheckLangBehavior [ RunTime:0.001000s ]
INFO: [ app_begin ] --END-- [ RunTime:0.003000s ]
NOTIC: [8] Undefined index: url D:\wamp\www\2016Sise\application\Common\Controller\AppframeController.class.php 第 24 行.

[ 2016-04-11T19:51:34+08:00 ] ::1 /2016Sise/index.php?g=user&m=index&a=is_login
INFO: [ app_begin ] --START--
INFO: Run Behavior\ReadHtmlCacheBehavior [ RunTime:0.001000s ]
INFO: Run Behavior\CheckLangBehavior [ RunTime:0.002000s ]
INFO: [ app_begin ] --END-- [ RunTime:0.005000s ]
NOTIC: [8] Undefined index: url D:\wamp\www\2016Sise\application\Common\Controller\AppframeController.class.php 第 24 行.

[ 2016-04-11T19:51:35+08:00 ] ::1 /2016Sise/index.php?g=user&m=index&a=is_login
INFO: [ app_begin ] --START--
INFO: Run Behavior\ReadHtmlCacheBehavior [ RunTime:0.002000s ]
INFO: Run Behavior\CheckLangBehavior [ RunTime:0.003000s ]
INFO: [ app_begin ] --END-- [ RunTime:0.006000s ]
NOTIC: [8] Undefined index: url D:\wamp\www\2016Sise\application\Common\Controller\AppframeController.class.php 第 24 行.

[ 2016-04-11T19:51:37+08:00 ] ::1 /2016Sise/index.php?g=user&m=index&a=is_login
INFO: [ app_begin ] --START--
INFO: Run Behavior\ReadHtmlCacheBehavior [ RunTime:0.001000s ]
INFO: Run Behavior\CheckLangBehavior [ RunTime:0.003000s ]
INFO: [ app_begin ] --END-- [ RunTime:0.005000s ]
NOTIC: [8] Undefined index: url D:\wamp\www\2016Sise\application\Common\Controller\AppframeController.class.php 第 24 行.

[ 2016-04-11T19:51:38+08:00 ] ::1 /2016Sise/index.php?g=user&m=index&a=is_login
INFO: [ app_begin ] --START--
INFO: Run Behavior\ReadHtmlCacheBehavior [ RunTime:0.001000s ]
INFO: Run Behavior\CheckLangBehavior [ RunTime:0.003000s ]
INFO: [ app_begin ] --END-- [ RunTime:0.005000s ]
NOTIC: [8] Undefined index: url D:\wamp\www\2016Sise\application\Common\Controller\AppframeController.class.php 第 24 行.

[ 2016-04-11T19:51:41+08:00 ] ::1 /2016Sise/index.php?g=user&m=index&a=is_login
INFO: [ app_begin ] --START--
INFO: Run Behavior\ReadHtmlCacheBehavior [ RunTime:0.001000s ]
INFO: Run Behavior\CheckLangBehavior [ RunTime:0.003000s ]
INFO: [ app_begin ] --END-- [ RunTime:0.004000s ]
NOTIC: [8] Undefined index: url D:\wamp\www\2016Sise\application\Common\Controller\AppframeController.class.php 第 24 行.

[ 2016-04-11T19:52:41+08:00 ] ::1 /2016Sise/index.php?g=user&m=index&a=is_login
INFO: [ app_begin ] --START--
INFO: Run Behavior\ReadHtmlCacheBehavior [ RunTime:0.000000s ]
INFO: Run Behavior\CheckLangBehavior [ RunTime:0.002000s ]
INFO: [ app_begin ] --END-- [ RunTime:0.003000s ]
NOTIC: [8] Undefined index: url D:\wamp\www\2016Sise\application\Common\Controller\AppframeController.class.php 第 24 行.

[ 2016-04-11T19:52:43+08:00 ] ::1 /2016Sise/index.php?g=user&m=index&a=is_login
INFO: [ app_begin ] --START--
INFO: Run Behavior\ReadHtmlCacheBehavior [ RunTime:0.002000s ]
INFO: Run Behavior\CheckLangBehavior [ RunTime:0.002000s ]
INFO: [ app_begin ] --END-- [ RunTime:0.004000s ]
NOTIC: [8] Undefined index: url D:\wamp\www\2016Sise\application\Common\Controller\AppframeController.class.php 第 24 行.

[ 2016-04-11T19:52:44+08:00 ] ::1 /2016Sise/index.php?g=user&m=index&a=is_login
INFO: [ app_begin ] --START--
INFO: Run Behavior\ReadHtmlCacheBehavior [ RunTime:0.001000s ]
INFO: Run Behavior\CheckLangBehavior [ RunTime:0.003000s ]
INFO: [ app_begin ] --END-- [ RunTime:0.005000s ]
NOTIC: [8] Undefined index: url D:\wamp\www\2016Sise\application\Common\Controller\AppframeController.class.php 第 24 行.

[ 2016-04-11T19:52:45+08:00 ] ::1 /2016Sise/index.php?g=user&m=index&a=is_login
INFO: [ app_begin ] --START--
INFO: Run Behavior\ReadHtmlCacheBehavior [ RunTime:0.001000s ]
INFO: Run Behavior\CheckLangBehavior [ RunTime:0.003000s ]
INFO: [ app_begin ] --END-- [ RunTime:0.005000s ]
NOTIC: [8] Undefined index: url D:\wamp\www\2016Sise\application\Common\Controller\AppframeController.class.php 第 24 行.

[ 2016-04-11T19:54:41+08:00 ] ::1 /2016Sise/index.php?g=user&m=index&a=is_login
INFO: [ app_begin ] --START--
INFO: Run Behavior\ReadHtmlCacheBehavior [ RunTime:0.002000s ]
INFO: Run Behavior\CheckLangBehavior [ RunTime:0.002000s ]
INFO: [ app_begin ] --END-- [ RunTime:0.004000s ]
NOTIC: [8] Undefined index: url D:\wamp\www\2016Sise\application\Common\Controller\AppframeController.class.php 第 24 行.

[ 2016-04-11T21:00:46+08:00 ] ::1 /2016Sise/index.php?g=user&m=index&a=is_login
INFO: [ app_begin ] --START--
INFO: Run Behavior\ReadHtmlCacheBehavior [ RunTime:0.001000s ]
INFO: Run Behavior\CheckLangBehavior [ RunTime:0.002000s ]
INFO: [ app_begin ] --END-- [ RunTime:0.005000s ]
NOTIC: [8] Undefined index: url D:\wamp\www\2016Sise\application\Common\Controller\AppframeController.class.php 第 24 行.

[ 2016-04-11T21:01:30+08:00 ] ::1 /2016Sise/index.php?g=user&m=index&a=is_login
INFO: [ app_begin ] --START--
INFO: Run Behavior\ReadHtmlCacheBehavior [ RunTime:0.002000s ]
INFO: Run Behavior\CheckLangBehavior [ RunTime:0.002000s ]
INFO: [ app_begin ] --END-- [ RunTime:0.005000s ]
NOTIC: [8] Undefined index: url D:\wamp\www\2016Sise\application\Common\Controller\AppframeController.class.php 第 24 行.

[ 2016-04-11T21:01:55+08:00 ] ::1 /2016Sise/index.php?g=user&m=index&a=is_login
INFO: [ app_begin ] --START--
INFO: Run Behavior\ReadHtmlCacheBehavior [ RunTime:0.001000s ]
INFO: Run Behavior\CheckLangBehavior [ RunTime:0.002000s ]
INFO: [ app_begin ] --END-- [ RunTime:0.005000s ]
NOTIC: [8] Undefined index: url D:\wamp\www\2016Sise\application\Common\Controller\AppframeController.class.php 第 24 行.

[ 2016-04-11T21:02:19+08:00 ] ::1 /2016Sise/index.php?g=user&m=index&a=is_login
INFO: [ app_begin ] --START--
INFO: Run Behavior\ReadHtmlCacheBehavior [ RunTime:0.001000s ]
INFO: Run Behavior\CheckLangBehavior [ RunTime:0.002000s ]
INFO: [ app_begin ] --END-- [ RunTime:0.005000s ]
NOTIC: [8] Undefined index: url D:\wamp\www\2016Sise\application\Common\Controller\AppframeController.class.php 第 24 行.

[ 2016-04-11T21:04:37+08:00 ] ::1 /2016Sise/index.php?g=user&m=index&a=is_login
INFO: [ app_begin ] --START--
INFO: Run Behavior\ReadHtmlCacheBehavior [ RunTime:0.002000s ]
INFO: Run Behavior\CheckLangBehavior [ RunTime:0.002000s ]
INFO: [ app_begin ] --END-- [ RunTime:0.005000s ]
NOTIC: [8] Undefined index: url D:\wamp\www\2016Sise\application\Common\Controller\AppframeController.class.php 第 24 行.

[ 2016-04-11T21:04:39+08:00 ] ::1 /2016Sise/index.php?g=user&m=index&a=is_login
INFO: [ app_begin ] --START--
INFO: Run Behavior\ReadHtmlCacheBehavior [ RunTime:0.001000s ]
INFO: Run Behavior\CheckLangBehavior [ RunTime:0.004001s ]
INFO: [ app_begin ] --END-- [ RunTime:0.006001s ]
NOTIC: [8] Undefined index: url D:\wamp\www\2016Sise\application\Common\Controller\AppframeController.class.php 第 24 行.

[ 2016-04-11T21:14:45+08:00 ] ::1 /2016Sise/index.php?g=user&m=index&a=is_login
INFO: [ app_begin ] --START--
INFO: Run Behavior\ReadHtmlCacheBehavior [ RunTime:0.003000s ]
INFO: Run Behavior\CheckLangBehavior [ RunTime:0.002000s ]
INFO: [ app_begin ] --END-- [ RunTime:0.007000s ]
NOTIC: [8] Undefined index: url D:\wamp\www\2016Sise\application\Common\Controller\AppframeController.class.php 第 24 行.

[ 2016-04-11T21:14:56+08:00 ] ::1 /2016Sise/index.php?g=user&m=index&a=is_login
INFO: [ app_begin ] --START--
INFO: Run Behavior\ReadHtmlCacheBehavior [ RunTime:0.001000s ]
INFO: Run Behavior\CheckLangBehavior [ RunTime:0.003001s ]
INFO: [ app_begin ] --END-- [ RunTime:0.006001s ]
NOTIC: [8] Undefined index: url D:\wamp\www\2016Sise\application\Common\Controller\AppframeController.class.php 第 24 行.

[ 2016-04-11T21:15:11+08:00 ] ::1 /2016Sise/index.php?g=user&m=login&a=dologin
INFO: [ app_begin ] --START--
INFO: Run Behavior\ReadHtmlCacheBehavior [ RunTime:0.000000s ]
INFO: Run Behavior\CheckLangBehavior [ RunTime:0.001000s ]
INFO: [ app_begin ] --END-- [ RunTime:0.003001s ]

[ 2016-04-11T21:15:14+08:00 ] ::1 /2016Sise/index.php?g=user&m=login&a=dologin
INFO: [ app_begin ] --START--
INFO: Run Behavior\ReadHtmlCacheBehavior [ RunTime:0.000000s ]
INFO: Run Behavior\CheckLangBehavior [ RunTime:0.001000s ]
INFO: [ app_begin ] --END-- [ RunTime:0.003000s ]

[ 2016-04-11T21:15:17+08:00 ] ::1 /2016Sise/index.php?g=user&m=index&a=is_login
INFO: [ app_begin ] --START--
INFO: Run Behavior\ReadHtmlCacheBehavior [ RunTime:0.002000s ]
INFO: Run Behavior\CheckLangBehavior [ RunTime:0.003000s ]
INFO: [ app_begin ] --END-- [ RunTime:0.006000s ]
NOTIC: [8] Undefined index: url D:\wamp\www\2016Sise\application\Common\Controller\AppframeController.class.php 第 24 行.

[ 2016-04-11T21:15:26+08:00 ] ::1 /2016Sise/index.php?g=user&m=login&a=dologin
INFO: [ app_begin ] --START--
INFO: Run Behavior\ReadHtmlCacheBehavior [ RunTime:0.001000s ]
INFO: Run Behavior\CheckLangBehavior [ RunTime:0.001000s ]
INFO: [ app_begin ] --END-- [ RunTime:0.002000s ]
SQL: SHOW COLUMNS FROM `sise_users` [ RunTime:0.0050s ]
SQL: SELECT * FROM `sise_users` WHERE `user_email` = '979987464@qq.com' LIMIT 1   [ RunTime:0.0010s ]
SQL: UPDATE `sise_users` SET `last_login_time`='2016-04-11 21:15:26',`last_login_ip`='0.0.0.0' WHERE ( id=30 ) [ RunTime:0.0010s ]

[ 2016-04-11T21:15:28+08:00 ] ::1 /2016Sise/index.php?g=user&m=index&a=is_login
INFO: [ app_begin ] --START--
INFO: Run Behavior\ReadHtmlCacheBehavior [ RunTime:0.001000s ]
INFO: Run Behavior\CheckLangBehavior [ RunTime:0.002001s ]
INFO: [ app_begin ] --END-- [ RunTime:0.005001s ]
NOTIC: [8] Undefined index: url D:\wamp\www\2016Sise\application\Common\Controller\AppframeController.class.php 第 24 行.

[ 2016-04-11T21:15:30+08:00 ] ::1 /2016Sise/index.php?g=user&m=index&a=is_login
INFO: [ app_begin ] --START--
INFO: Run Behavior\ReadHtmlCacheBehavior [ RunTime:0.001001s ]
INFO: Run Behavior\CheckLangBehavior [ RunTime:0.001000s ]
INFO: [ app_begin ] --END-- [ RunTime:0.003001s ]
NOTIC: [8] Undefined index: url D:\wamp\www\2016Sise\application\Common\Controller\AppframeController.class.php 第 24 行.

